  BitMapManager.cpp
C:\Users\INGILL\Desktop\Projects\WinAPI-\chess\chess\BitMapManager.cpp(1,1): warning C4828: 파일에 0x5e4 오프셋에서 시작하는 문자가 포함되어 있습니다. 이 문자는 현재 원본 문자 집합에서 잘못된 문자입니다(코드 페이지 65001).
C:\Users\INGILL\Desktop\Projects\WinAPI-\chess\chess\BitMapManager.cpp(1,1): warning C4828: 파일에 0x5e5 오프셋에서 시작하는 문자가 포함되어 있습니다. 이 문자는 현재 원본 문자 집합에서 잘못된 문자입니다(코드 페이지 65001).
C:\Users\INGILL\Desktop\Projects\WinAPI-\chess\chess\BitMapManager.cpp(1,1): warning C4828: 파일에 0x5e6 오프셋에서 시작하는 문자가 포함되어 있습니다. 이 문자는 현재 원본 문자 집합에서 잘못된 문자입니다(코드 페이지 65001).
C:\Users\INGILL\Desktop\Projects\WinAPI-\chess\chess\BitMapManager.cpp(1,1): warning C4828: 파일에 0x5e9 오프셋에서 시작하는 문자가 포함되어 있습니다. 이 문자는 현재 원본 문자 집합에서 잘못된 문자입니다(코드 페이지 65001).
C:\Users\INGILL\Desktop\Projects\WinAPI-\chess\chess\BitMapManager.cpp(1,1): warning C4828: 파일에 0x5ea 오프셋에서 시작하는 문자가 포함되어 있습니다. 이 문자는 현재 원본 문자 집합에서 잘못된 문자입니다(코드 페이지 65001).
C:\Users\INGILL\Desktop\Projects\WinAPI-\chess\chess\BitMapManager.cpp(1,1): warning C4828: 파일에 0x5eb 오프셋에서 시작하는 문자가 포함되어 있습니다. 이 문자는 현재 원본 문자 집합에서 잘못된 문자입니다(코드 페이지 65001).
C:\Users\INGILL\Desktop\Projects\WinAPI-\chess\chess\BitMapManager.cpp(1,1): warning C4828: 파일에 0x5ec 오프셋에서 시작하는 문자가 포함되어 있습니다. 이 문자는 현재 원본 문자 집합에서 잘못된 문자입니다(코드 페이지 65001).
C:\Users\INGILL\Desktop\Projects\WinAPI-\chess\chess\BitMapManager.cpp(1,1): warning C4828: 파일에 0x5ed 오프셋에서 시작하는 문자가 포함되어 있습니다. 이 문자는 현재 원본 문자 집합에서 잘못된 문자입니다(코드 페이지 65001).
C:\Users\INGILL\Desktop\Projects\WinAPI-\chess\chess\BitMapManager.cpp(1,1): warning C4828: 파일에 0x700 오프셋에서 시작하는 문자가 포함되어 있습니다. 이 문자는 현재 원본 문자 집합에서 잘못된 문자입니다(코드 페이지 65001).
C:\Users\INGILL\Desktop\Projects\WinAPI-\chess\chess\BitMapManager.cpp(1,1): warning C4828: 파일에 0x701 오프셋에서 시작하는 문자가 포함되어 있습니다. 이 문자는 현재 원본 문자 집합에서 잘못된 문자입니다(코드 페이지 65001).
C:\Users\INGILL\Desktop\Projects\WinAPI-\chess\chess\BitMapManager.cpp(1,1): warning C4828: 파일에 0x705 오프셋에서 시작하는 문자가 포함되어 있습니다. 이 문자는 현재 원본 문자 집합에서 잘못된 문자입니다(코드 페이지 65001).
C:\Users\INGILL\Desktop\Projects\WinAPI-\chess\chess\BitMapManager.cpp(1,1): warning C4828: 파일에 0x820 오프셋에서 시작하는 문자가 포함되어 있습니다. 이 문자는 현재 원본 문자 집합에서 잘못된 문자입니다(코드 페이지 65001).
C:\Users\INGILL\Desktop\Projects\WinAPI-\chess\chess\BitMapManager.cpp(1,1): warning C4828: 파일에 0x821 오프셋에서 시작하는 문자가 포함되어 있습니다. 이 문자는 현재 원본 문자 집합에서 잘못된 문자입니다(코드 페이지 65001).
C:\Users\INGILL\Desktop\Projects\WinAPI-\chess\chess\BitMapManager.cpp(1,1): warning C4828: 파일에 0x823 오프셋에서 시작하는 문자가 포함되어 있습니다. 이 문자는 현재 원본 문자 집합에서 잘못된 문자입니다(코드 페이지 65001).
C:\Users\INGILL\Desktop\Projects\WinAPI-\chess\chess\BitMapManager.cpp(1,1): warning C4828: 파일에 0x827 오프셋에서 시작하는 문자가 포함되어 있습니다. 이 문자는 현재 원본 문자 집합에서 잘못된 문자입니다(코드 페이지 65001).
C:\Users\INGILL\Desktop\Projects\WinAPI-\chess\chess\BitMapManager.cpp(1,1): warning C4828: 파일에 0x828 오프셋에서 시작하는 문자가 포함되어 있습니다. 이 문자는 현재 원본 문자 집합에서 잘못된 문자입니다(코드 페이지 65001).
C:\Users\INGILL\Desktop\Projects\WinAPI-\chess\chess\BitMapManager.cpp(1,1): warning C4828: 파일에 0x829 오프셋에서 시작하는 문자가 포함되어 있습니다. 이 문자는 현재 원본 문자 집합에서 잘못된 문자입니다(코드 페이지 65001).
C:\Users\INGILL\Desktop\Projects\WinAPI-\chess\chess\BitMapManager.cpp(1,1): warning C4828: 파일에 0x82a 오프셋에서 시작하는 문자가 포함되어 있습니다. 이 문자는 현재 원본 문자 집합에서 잘못된 문자입니다(코드 페이지 65001).
C:\Users\INGILL\Desktop\Projects\WinAPI-\chess\chess\BitMapManager.cpp(1,1): warning C4828: 파일에 0x82c 오프셋에서 시작하는 문자가 포함되어 있습니다. 이 문자는 현재 원본 문자 집합에서 잘못된 문자입니다(코드 페이지 65001).
C:\Users\INGILL\Desktop\Projects\WinAPI-\chess\chess\BitMapManager.cpp(1,1): warning C4828: 파일에 0x82d 오프셋에서 시작하는 문자가 포함되어 있습니다. 이 문자는 현재 원본 문자 집합에서 잘못된 문자입니다(코드 페이지 65001).
C:\Users\INGILL\Desktop\Projects\WinAPI-\chess\chess\BitMapManager.cpp(1,1): warning C4828: 파일에 0x830 오프셋에서 시작하는 문자가 포함되어 있습니다. 이 문자는 현재 원본 문자 집합에서 잘못된 문자입니다(코드 페이지 65001).
C:\Users\INGILL\Desktop\Projects\WinAPI-\chess\chess\BitMapManager.cpp(1,1): warning C4828: 파일에 0x831 오프셋에서 시작하는 문자가 포함되어 있습니다. 이 문자는 현재 원본 문자 집합에서 잘못된 문자입니다(코드 페이지 65001).
C:\Users\INGILL\Desktop\Projects\WinAPI-\chess\chess\BitMapManager.cpp(1,1): warning C4828: 파일에 0x835 오프셋에서 시작하는 문자가 포함되어 있습니다. 이 문자는 현재 원본 문자 집합에서 잘못된 문자입니다(코드 페이지 65001).
C:\Users\INGILL\Desktop\Projects\WinAPI-\chess\chess\BitMapManager.cpp(1,1): warning C4828: 파일에 0x836 오프셋에서 시작하는 문자가 포함되어 있습니다. 이 문자는 현재 원본 문자 집합에서 잘못된 문자입니다(코드 페이지 65001).
C:\Users\INGILL\Desktop\Projects\WinAPI-\chess\chess\BitMapManager.cpp(1,1): warning C4828: 파일에 0x939 오프셋에서 시작하는 문자가 포함되어 있습니다. 이 문자는 현재 원본 문자 집합에서 잘못된 문자입니다(코드 페이지 65001).
C:\Users\INGILL\Desktop\Projects\WinAPI-\chess\chess\BitMapManager.cpp(1,1): warning C4828: 파일에 0x93a 오프셋에서 시작하는 문자가 포함되어 있습니다. 이 문자는 현재 원본 문자 집합에서 잘못된 문자입니다(코드 페이지 65001).
C:\Users\INGILL\Desktop\Projects\WinAPI-\chess\chess\BitMapManager.cpp(1,1): warning C4828: 파일에 0x93b 오프셋에서 시작하는 문자가 포함되어 있습니다. 이 문자는 현재 원본 문자 집합에서 잘못된 문자입니다(코드 페이지 65001).
C:\Users\INGILL\Desktop\Projects\WinAPI-\chess\chess\BitMapManager.cpp(1,1): warning C4828: 파일에 0x93c 오프셋에서 시작하는 문자가 포함되어 있습니다. 이 문자는 현재 원본 문자 집합에서 잘못된 문자입니다(코드 페이지 65001).
C:\Users\INGILL\Desktop\Projects\WinAPI-\chess\chess\BitMapManager.cpp(1,1): warning C4828: 파일에 0xa5a 오프셋에서 시작하는 문자가 포함되어 있습니다. 이 문자는 현재 원본 문자 집합에서 잘못된 문자입니다(코드 페이지 65001).
C:\Users\INGILL\Desktop\Projects\WinAPI-\chess\chess\BitMapManager.cpp(1,1): warning C4828: 파일에 0xa5b 오프셋에서 시작하는 문자가 포함되어 있습니다. 이 문자는 현재 원본 문자 집합에서 잘못된 문자입니다(코드 페이지 65001).
C:\Users\INGILL\Desktop\Projects\WinAPI-\chess\chess\BitMapManager.cpp(1,1): warning C4828: 파일에 0xa5c 오프셋에서 시작하는 문자가 포함되어 있습니다. 이 문자는 현재 원본 문자 집합에서 잘못된 문자입니다(코드 페이지 65001).
C:\Users\INGILL\Desktop\Projects\WinAPI-\chess\chess\BitMapManager.cpp(1,1): warning C4828: 파일에 0xb6c 오프셋에서 시작하는 문자가 포함되어 있습니다. 이 문자는 현재 원본 문자 집합에서 잘못된 문자입니다(코드 페이지 65001).
C:\Users\INGILL\Desktop\Projects\WinAPI-\chess\chess\BitMapManager.cpp(1,1): warning C4828: 파일에 0xb6d 오프셋에서 시작하는 문자가 포함되어 있습니다. 이 문자는 현재 원본 문자 집합에서 잘못된 문자입니다(코드 페이지 65001).
C:\Users\INGILL\Desktop\Projects\WinAPI-\chess\chess\BitMapManager.cpp(1,1): warning C4828: 파일에 0xb6e 오프셋에서 시작하는 문자가 포함되어 있습니다. 이 문자는 현재 원본 문자 집합에서 잘못된 문자입니다(코드 페이지 65001).
C:\Users\INGILL\Desktop\Projects\WinAPI-\chess\chess\BitMapManager.cpp(1,1): warning C4828: 파일에 0xb70 오프셋에서 시작하는 문자가 포함되어 있습니다. 이 문자는 현재 원본 문자 집합에서 잘못된 문자입니다(코드 페이지 65001).
C:\Users\INGILL\Desktop\Projects\WinAPI-\chess\chess\BitMapManager.cpp(1,1): warning C4828: 파일에 0xb71 오프셋에서 시작하는 문자가 포함되어 있습니다. 이 문자는 현재 원본 문자 집합에서 잘못된 문자입니다(코드 페이지 65001).
C:\Users\INGILL\Desktop\Projects\WinAPI-\chess\chess\BitMapManager.cpp(1,1): warning C4828: 파일에 0xb75 오프셋에서 시작하는 문자가 포함되어 있습니다. 이 문자는 현재 원본 문자 집합에서 잘못된 문자입니다(코드 페이지 65001).
C:\Users\INGILL\Desktop\Projects\WinAPI-\chess\chess\BitMapManager.cpp(1,1): warning C4828: 파일에 0xb76 오프셋에서 시작하는 문자가 포함되어 있습니다. 이 문자는 현재 원본 문자 집합에서 잘못된 문자입니다(코드 페이지 65001).
C:\Users\INGILL\Desktop\Projects\WinAPI-\chess\chess\BitMapManager.cpp(1,1): warning C4828: 파일에 0xb77 오프셋에서 시작하는 문자가 포함되어 있습니다. 이 문자는 현재 원본 문자 집합에서 잘못된 문자입니다(코드 페이지 65001).
C:\Users\INGILL\Desktop\Projects\WinAPI-\chess\chess\BitMapManager.cpp(1,1): warning C4828: 파일에 0xb78 오프셋에서 시작하는 문자가 포함되어 있습니다. 이 문자는 현재 원본 문자 집합에서 잘못된 문자입니다(코드 페이지 65001).
C:\Users\INGILL\Desktop\Projects\WinAPI-\chess\chess\BitMapManager.cpp(1,1): warning C4828: 파일에 0xb7c 오프셋에서 시작하는 문자가 포함되어 있습니다. 이 문자는 현재 원본 문자 집합에서 잘못된 문자입니다(코드 페이지 65001).
C:\Users\INGILL\Desktop\Projects\WinAPI-\chess\chess\BitMapManager.cpp(1,1): warning C4828: 파일에 0xb7d 오프셋에서 시작하는 문자가 포함되어 있습니다. 이 문자는 현재 원본 문자 집합에서 잘못된 문자입니다(코드 페이지 65001).
C:\Users\INGILL\Desktop\Projects\WinAPI-\chess\chess\BitMapManager.cpp(1,1): warning C4828: 파일에 0xc82 오프셋에서 시작하는 문자가 포함되어 있습니다. 이 문자는 현재 원본 문자 집합에서 잘못된 문자입니다(코드 페이지 65001).
C:\Users\INGILL\Desktop\Projects\WinAPI-\chess\chess\BitMapManager.cpp(1,1): warning C4828: 파일에 0xc86 오프셋에서 시작하는 문자가 포함되어 있습니다. 이 문자는 현재 원본 문자 집합에서 잘못된 문자입니다(코드 페이지 65001).
C:\Users\INGILL\Desktop\Projects\WinAPI-\chess\chess\BitMapManager.cpp(1,1): warning C4828: 파일에 0xc87 오프셋에서 시작하는 문자가 포함되어 있습니다. 이 문자는 현재 원본 문자 집합에서 잘못된 문자입니다(코드 페이지 65001).
C:\Users\INGILL\Desktop\Projects\WinAPI-\chess\chess\BitMapManager.cpp(1,1): warning C4828: 파일에 0xc8b 오프셋에서 시작하는 문자가 포함되어 있습니다. 이 문자는 현재 원본 문자 집합에서 잘못된 문자입니다(코드 페이지 65001).
C:\Users\INGILL\Desktop\Projects\WinAPI-\chess\chess\BitMapManager.cpp(1,1): warning C4828: 파일에 0xc8c 오프셋에서 시작하는 문자가 포함되어 있습니다. 이 문자는 현재 원본 문자 집합에서 잘못된 문자입니다(코드 페이지 65001).
C:\Users\INGILL\Desktop\Projects\WinAPI-\chess\chess\BitMapManager.cpp(1,1): warning C4828: 파일에 0xc8d 오프셋에서 시작하는 문자가 포함되어 있습니다. 이 문자는 현재 원본 문자 집합에서 잘못된 문자입니다(코드 페이지 65001).
C:\Users\INGILL\Desktop\Projects\WinAPI-\chess\chess\BitMapManager.cpp(1,1): warning C4828: 파일에 0xc8e 오프셋에서 시작하는 문자가 포함되어 있습니다. 이 문자는 현재 원본 문자 집합에서 잘못된 문자입니다(코드 페이지 65001).
C:\Users\INGILL\Desktop\Projects\WinAPI-\chess\chess\BitMapManager.cpp(1,1): warning C4828: 파일에 0xc92 오프셋에서 시작하는 문자가 포함되어 있습니다. 이 문자는 현재 원본 문자 집합에서 잘못된 문자입니다(코드 페이지 65001).
C:\Users\INGILL\Desktop\Projects\WinAPI-\chess\chess\BitMapManager.cpp(1,1): warning C4828: 파일에 0xc93 오프셋에서 시작하는 문자가 포함되어 있습니다. 이 문자는 현재 원본 문자 집합에서 잘못된 문자입니다(코드 페이지 65001).
C:\Users\INGILL\Desktop\Projects\WinAPI-\chess\chess\BitMapManager.h(1,1): warning C4828: 파일에 0x8c 오프셋에서 시작하는 문자가 포함되어 있습니다. 이 문자는 현재 원본 문자 집합에서 잘못된 문자입니다(코드 페이지 65001).
C:\Users\INGILL\Desktop\Projects\WinAPI-\chess\chess\BitMapManager.h(1,1): warning C4828: 파일에 0x8e 오프셋에서 시작하는 문자가 포함되어 있습니다. 이 문자는 현재 원본 문자 집합에서 잘못된 문자입니다(코드 페이지 65001).
C:\Users\INGILL\Desktop\Projects\WinAPI-\chess\chess\BitMapManager.h(1,1): warning C4828: 파일에 0x8f 오프셋에서 시작하는 문자가 포함되어 있습니다. 이 문자는 현재 원본 문자 집합에서 잘못된 문자입니다(코드 페이지 65001).
C:\Users\INGILL\Desktop\Projects\WinAPI-\chess\chess\BitMapManager.h(1,1): warning C4828: 파일에 0x93 오프셋에서 시작하는 문자가 포함되어 있습니다. 이 문자는 현재 원본 문자 집합에서 잘못된 문자입니다(코드 페이지 65001).
C:\Users\INGILL\Desktop\Projects\WinAPI-\chess\chess\BitMapManager.h(1,1): warning C4828: 파일에 0x94 오프셋에서 시작하는 문자가 포함되어 있습니다. 이 문자는 현재 원본 문자 집합에서 잘못된 문자입니다(코드 페이지 65001).
C:\Users\INGILL\Desktop\Projects\WinAPI-\chess\chess\BitMapManager.h(1,1): warning C4828: 파일에 0x96 오프셋에서 시작하는 문자가 포함되어 있습니다. 이 문자는 현재 원본 문자 집합에서 잘못된 문자입니다(코드 페이지 65001).
C:\Users\INGILL\Desktop\Projects\WinAPI-\chess\chess\BitMapManager.h(1,1): warning C4828: 파일에 0x97 오프셋에서 시작하는 문자가 포함되어 있습니다. 이 문자는 현재 원본 문자 집합에서 잘못된 문자입니다(코드 페이지 65001).
C:\Users\INGILL\Desktop\Projects\WinAPI-\chess\chess\BitMapManager.h(1,1): warning C4828: 파일에 0x98 오프셋에서 시작하는 문자가 포함되어 있습니다. 이 문자는 현재 원본 문자 집합에서 잘못된 문자입니다(코드 페이지 65001).
C:\Users\INGILL\Desktop\Projects\WinAPI-\chess\chess\BitMapManager.h(1,1): warning C4828: 파일에 0x9a 오프셋에서 시작하는 문자가 포함되어 있습니다. 이 문자는 현재 원본 문자 집합에서 잘못된 문자입니다(코드 페이지 65001).
C:\Users\INGILL\Desktop\Projects\WinAPI-\chess\chess\BitMapManager.h(1,1): warning C4828: 파일에 0x9b 오프셋에서 시작하는 문자가 포함되어 있습니다. 이 문자는 현재 원본 문자 집합에서 잘못된 문자입니다(코드 페이지 65001).
C:\Users\INGILL\Desktop\Projects\WinAPI-\chess\chess\BitMapManager.h(1,1): warning C4828: 파일에 0x9c 오프셋에서 시작하는 문자가 포함되어 있습니다. 이 문자는 현재 원본 문자 집합에서 잘못된 문자입니다(코드 페이지 65001).
C:\Users\INGILL\Desktop\Projects\WinAPI-\chess\chess\BitMapManager.h(1,1): warning C4828: 파일에 0x9d 오프셋에서 시작하는 문자가 포함되어 있습니다. 이 문자는 현재 원본 문자 집합에서 잘못된 문자입니다(코드 페이지 65001).
C:\Users\INGILL\Desktop\Projects\WinAPI-\chess\chess\BitMapManager.h(1,1): warning C4828: 파일에 0x9f 오프셋에서 시작하는 문자가 포함되어 있습니다. 이 문자는 현재 원본 문자 집합에서 잘못된 문자입니다(코드 페이지 65001).
C:\Users\INGILL\Desktop\Projects\WinAPI-\chess\chess\BitMapManager.h(1,1): warning C4828: 파일에 0xa0 오프셋에서 시작하는 문자가 포함되어 있습니다. 이 문자는 현재 원본 문자 집합에서 잘못된 문자입니다(코드 페이지 65001).
C:\Users\INGILL\Desktop\Projects\WinAPI-\chess\chess\BitMapManager.h(1,1): warning C4828: 파일에 0xa4 오프셋에서 시작하는 문자가 포함되어 있습니다. 이 문자는 현재 원본 문자 집합에서 잘못된 문자입니다(코드 페이지 65001).
C:\Users\INGILL\Desktop\Projects\WinAPI-\chess\chess\BitMapManager.h(1,1): warning C4828: 파일에 0xa6 오프셋에서 시작하는 문자가 포함되어 있습니다. 이 문자는 현재 원본 문자 집합에서 잘못된 문자입니다(코드 페이지 65001).
C:\Users\INGILL\Desktop\Projects\WinAPI-\chess\chess\BitMapManager.h(1,1): warning C4828: 파일에 0xa8 오프셋에서 시작하는 문자가 포함되어 있습니다. 이 문자는 현재 원본 문자 집합에서 잘못된 문자입니다(코드 페이지 65001).
C:\Users\INGILL\Desktop\Projects\WinAPI-\chess\chess\BitMapManager.h(1,1): warning C4828: 파일에 0xa9 오프셋에서 시작하는 문자가 포함되어 있습니다. 이 문자는 현재 원본 문자 집합에서 잘못된 문자입니다(코드 페이지 65001).
C:\Users\INGILL\Desktop\Projects\WinAPI-\chess\chess\BitMapManager.h(1,1): warning C4828: 파일에 0xad 오프셋에서 시작하는 문자가 포함되어 있습니다. 이 문자는 현재 원본 문자 집합에서 잘못된 문자입니다(코드 페이지 65001).
C:\Users\INGILL\Desktop\Projects\WinAPI-\chess\chess\BitMapManager.h(1,1): warning C4828: 파일에 0xaf 오프셋에서 시작하는 문자가 포함되어 있습니다. 이 문자는 현재 원본 문자 집합에서 잘못된 문자입니다(코드 페이지 65001).
C:\Users\INGILL\Desktop\Projects\WinAPI-\chess\chess\BitMapManager.h(1,1): warning C4828: 파일에 0xb2 오프셋에서 시작하는 문자가 포함되어 있습니다. 이 문자는 현재 원본 문자 집합에서 잘못된 문자입니다(코드 페이지 65001).
C:\Users\INGILL\Desktop\Projects\WinAPI-\chess\chess\BitMapManager.h(1,1): warning C4828: 파일에 0xc0 오프셋에서 시작하는 문자가 포함되어 있습니다. 이 문자는 현재 원본 문자 집합에서 잘못된 문자입니다(코드 페이지 65001).
C:\Users\INGILL\Desktop\Projects\WinAPI-\chess\chess\BitMapManager.h(1,1): warning C4828: 파일에 0xc2 오프셋에서 시작하는 문자가 포함되어 있습니다. 이 문자는 현재 원본 문자 집합에서 잘못된 문자입니다(코드 페이지 65001).
C:\Users\INGILL\Desktop\Projects\WinAPI-\chess\chess\BitMapManager.h(1,1): warning C4828: 파일에 0xc3 오프셋에서 시작하는 문자가 포함되어 있습니다. 이 문자는 현재 원본 문자 집합에서 잘못된 문자입니다(코드 페이지 65001).
C:\Users\INGILL\Desktop\Projects\WinAPI-\chess\chess\BitMapManager.h(1,1): warning C4828: 파일에 0xc5 오프셋에서 시작하는 문자가 포함되어 있습니다. 이 문자는 현재 원본 문자 집합에서 잘못된 문자입니다(코드 페이지 65001).
C:\Users\INGILL\Desktop\Projects\WinAPI-\chess\chess\BitMapManager.h(1,1): warning C4828: 파일에 0xd9 오프셋에서 시작하는 문자가 포함되어 있습니다. 이 문자는 현재 원본 문자 집합에서 잘못된 문자입니다(코드 페이지 65001).
C:\Users\INGILL\Desktop\Projects\WinAPI-\chess\chess\BitMapManager.h(1,1): warning C4828: 파일에 0xda 오프셋에서 시작하는 문자가 포함되어 있습니다. 이 문자는 현재 원본 문자 집합에서 잘못된 문자입니다(코드 페이지 65001).
C:\Users\INGILL\Desktop\Projects\WinAPI-\chess\chess\BitMapManager.h(1,1): warning C4828: 파일에 0xdc 오프셋에서 시작하는 문자가 포함되어 있습니다. 이 문자는 현재 원본 문자 집합에서 잘못된 문자입니다(코드 페이지 65001).
C:\Users\INGILL\Desktop\Projects\WinAPI-\chess\chess\BitMapManager.h(1,1): warning C4828: 파일에 0xde 오프셋에서 시작하는 문자가 포함되어 있습니다. 이 문자는 현재 원본 문자 집합에서 잘못된 문자입니다(코드 페이지 65001).
C:\Users\INGILL\Desktop\Projects\WinAPI-\chess\chess\BitMapManager.h(1,1): warning C4828: 파일에 0xdf 오프셋에서 시작하는 문자가 포함되어 있습니다. 이 문자는 현재 원본 문자 집합에서 잘못된 문자입니다(코드 페이지 65001).
C:\Users\INGILL\Desktop\Projects\WinAPI-\chess\chess\BitMapManager.h(1,1): warning C4828: 파일에 0xeb 오프셋에서 시작하는 문자가 포함되어 있습니다. 이 문자는 현재 원본 문자 집합에서 잘못된 문자입니다(코드 페이지 65001).
C:\Users\INGILL\Desktop\Projects\WinAPI-\chess\chess\BitMapManager.h(1,1): warning C4828: 파일에 0xed 오프셋에서 시작하는 문자가 포함되어 있습니다. 이 문자는 현재 원본 문자 집합에서 잘못된 문자입니다(코드 페이지 65001).
C:\Users\INGILL\Desktop\Projects\WinAPI-\chess\chess\BitMapManager.h(1,1): warning C4828: 파일에 0xee 오프셋에서 시작하는 문자가 포함되어 있습니다. 이 문자는 현재 원본 문자 집합에서 잘못된 문자입니다(코드 페이지 65001).
C:\Users\INGILL\Desktop\Projects\WinAPI-\chess\chess\BitMapManager.h(1,1): warning C4828: 파일에 0xf0 오프셋에서 시작하는 문자가 포함되어 있습니다. 이 문자는 현재 원본 문자 집합에서 잘못된 문자입니다(코드 페이지 65001).
C:\Users\INGILL\Desktop\Projects\WinAPI-\chess\chess\BitMapManager.h(1,1): warning C4828: 파일에 0xf2 오프셋에서 시작하는 문자가 포함되어 있습니다. 이 문자는 현재 원본 문자 집합에서 잘못된 문자입니다(코드 페이지 65001).
C:\Users\INGILL\Desktop\Projects\WinAPI-\chess\chess\BitMapManager.h(1,1): warning C4828: 파일에 0xf3 오프셋에서 시작하는 문자가 포함되어 있습니다. 이 문자는 현재 원본 문자 집합에서 잘못된 문자입니다(코드 페이지 65001).
C:\Users\INGILL\Desktop\Projects\WinAPI-\chess\chess\BitMapManager.h(1,1): warning C4828: 파일에 0xf5 오프셋에서 시작하는 문자가 포함되어 있습니다. 이 문자는 현재 원본 문자 집합에서 잘못된 문자입니다(코드 페이지 65001).
C:\Users\INGILL\Desktop\Projects\WinAPI-\chess\chess\BitMapManager.h(1,1): warning C4828: 파일에 0xf6 오프셋에서 시작하는 문자가 포함되어 있습니다. 이 문자는 현재 원본 문자 집합에서 잘못된 문자입니다(코드 페이지 65001).
C:\Users\INGILL\Desktop\Projects\WinAPI-\chess\chess\BitMapManager.h(1,1): warning C4828: 파일에 0xf7 오프셋에서 시작하는 문자가 포함되어 있습니다. 이 문자는 현재 원본 문자 집합에서 잘못된 문자입니다(코드 페이지 65001).
C:\Users\INGILL\Desktop\Projects\WinAPI-\chess\chess\BitMapManager.h(1,1): warning C4828: 파일에 0xfa 오프셋에서 시작하는 문자가 포함되어 있습니다. 이 문자는 현재 원본 문자 집합에서 잘못된 문자입니다(코드 페이지 65001).
C:\Users\INGILL\Desktop\Projects\WinAPI-\chess\chess\BitMapManager.h(1,1): warning C4828: 파일에 0xfd 오프셋에서 시작하는 문자가 포함되어 있습니다. 이 문자는 현재 원본 문자 집합에서 잘못된 문자입니다(코드 페이지 65001).
C:\Users\INGILL\Desktop\Projects\WinAPI-\chess\chess\BitMapManager.h(1,1): warning C4828: 파일에 0xfe 오프셋에서 시작하는 문자가 포함되어 있습니다. 이 문자는 현재 원본 문자 집합에서 잘못된 문자입니다(코드 페이지 65001).
C:\Users\INGILL\Desktop\Projects\WinAPI-\chess\chess\BitMapManager.h(1,1): warning C4828: 파일에 0x10c 오프셋에서 시작하는 문자가 포함되어 있습니다. 이 문자는 현재 원본 문자 집합에서 잘못된 문자입니다(코드 페이지 65001).
C:\Users\INGILL\Desktop\Projects\WinAPI-\chess\chess\BitMapManager.h(1,1): warning C4828: 파일에 0x10e 오프셋에서 시작하는 문자가 포함되어 있습니다. 이 문자는 현재 원본 문자 집합에서 잘못된 문자입니다(코드 페이지 65001).
C:\Users\INGILL\Desktop\Projects\WinAPI-\chess\chess\BitMapManager.h(1,1): warning C4828: 파일에 0x10f 오프셋에서 시작하는 문자가 포함되어 있습니다. 이 문자는 현재 원본 문자 집합에서 잘못된 문자입니다(코드 페이지 65001).
C:\Users\INGILL\Desktop\Projects\WinAPI-\chess\chess\BitMapManager.h(1,1): warning C4828: 파일에 0x111 오프셋에서 시작하는 문자가 포함되어 있습니다. 이 문자는 현재 원본 문자 집합에서 잘못된 문자입니다(코드 페이지 65001).
C:\Users\INGILL\Desktop\Projects\WinAPI-\chess\chess\BitMapManager.h(1,1): warning C4828: 파일에 0x113 오프셋에서 시작하는 문자가 포함되어 있습니다. 이 문자는 현재 원본 문자 집합에서 잘못된 문자입니다(코드 페이지 65001).
C:\Users\INGILL\Desktop\Projects\WinAPI-\chess\chess\BitMapManager.h(1,1): warning C4828: 파일에 0x114 오프셋에서 시작하는 문자가 포함되어 있습니다. 이 문자는 현재 원본 문자 집합에서 잘못된 문자입니다(코드 페이지 65001).
C:\Users\INGILL\Desktop\Projects\WinAPI-\chess\chess\BitMapManager.h(1,1): warning C4828: 파일에 0x116 오프셋에서 시작하는 문자가 포함되어 있습니다. 이 문자는 현재 원본 문자 집합에서 잘못된 문자입니다(코드 페이지 65001).
C:\Users\INGILL\Desktop\Projects\WinAPI-\chess\chess\BitMapManager.h(1,1): warning C4828: 파일에 0x117 오프셋에서 시작하는 문자가 포함되어 있습니다. 이 문자는 현재 원본 문자 집합에서 잘못된 문자입니다(코드 페이지 65001).
C:\Users\INGILL\Desktop\Projects\WinAPI-\chess\chess\BitMapManager.h(1,1): warning C4828: 파일에 0x118 오프셋에서 시작하는 문자가 포함되어 있습니다. 이 문자는 현재 원본 문자 집합에서 잘못된 문자입니다(코드 페이지 65001).
C:\Users\INGILL\Desktop\Projects\WinAPI-\chess\chess\BitMapManager.h(1,1): warning C4828: 파일에 0x11b 오프셋에서 시작하는 문자가 포함되어 있습니다. 이 문자는 현재 원본 문자 집합에서 잘못된 문자입니다(코드 페이지 65001).
C:\Users\INGILL\Desktop\Projects\WinAPI-\chess\chess\BitMapManager.h(1,1): warning C4828: 파일에 0x11e 오프셋에서 시작하는 문자가 포함되어 있습니다. 이 문자는 현재 원본 문자 집합에서 잘못된 문자입니다(코드 페이지 65001).
C:\Users\INGILL\Desktop\Projects\WinAPI-\chess\chess\BitMapManager.h(1,1): warning C4828: 파일에 0x11f 오프셋에서 시작하는 문자가 포함되어 있습니다. 이 문자는 현재 원본 문자 집합에서 잘못된 문자입니다(코드 페이지 65001).
C:\Users\INGILL\Desktop\Projects\WinAPI-\chess\chess\BitMapManager.h(1,1): warning C4828: 파일에 0x12d 오프셋에서 시작하는 문자가 포함되어 있습니다. 이 문자는 현재 원본 문자 집합에서 잘못된 문자입니다(코드 페이지 65001).
C:\Users\INGILL\Desktop\Projects\WinAPI-\chess\chess\BitMapManager.h(1,1): warning C4828: 파일에 0x12f 오프셋에서 시작하는 문자가 포함되어 있습니다. 이 문자는 현재 원본 문자 집합에서 잘못된 문자입니다(코드 페이지 65001).
C:\Users\INGILL\Desktop\Projects\WinAPI-\chess\chess\BitMapManager.h(1,1): warning C4828: 파일에 0x130 오프셋에서 시작하는 문자가 포함되어 있습니다. 이 문자는 현재 원본 문자 집합에서 잘못된 문자입니다(코드 페이지 65001).
C:\Users\INGILL\Desktop\Projects\WinAPI-\chess\chess\BitMapManager.h(1,1): warning C4828: 파일에 0x132 오프셋에서 시작하는 문자가 포함되어 있습니다. 이 문자는 현재 원본 문자 집합에서 잘못된 문자입니다(코드 페이지 65001).
C:\Users\INGILL\Desktop\Projects\WinAPI-\chess\chess\BitMapManager.h(1,1): warning C4828: 파일에 0x134 오프셋에서 시작하는 문자가 포함되어 있습니다. 이 문자는 현재 원본 문자 집합에서 잘못된 문자입니다(코드 페이지 65001).
C:\Users\INGILL\Desktop\Projects\WinAPI-\chess\chess\BitMapManager.h(1,1): warning C4828: 파일에 0x135 오프셋에서 시작하는 문자가 포함되어 있습니다. 이 문자는 현재 원본 문자 집합에서 잘못된 문자입니다(코드 페이지 65001).
C:\Users\INGILL\Desktop\Projects\WinAPI-\chess\chess\BitMapManager.h(1,1): warning C4828: 파일에 0x139 오프셋에서 시작하는 문자가 포함되어 있습니다. 이 문자는 현재 원본 문자 집합에서 잘못된 문자입니다(코드 페이지 65001).
C:\Users\INGILL\Desktop\Projects\WinAPI-\chess\chess\BitMapManager.h(1,1): warning C4828: 파일에 0x13b 오프셋에서 시작하는 문자가 포함되어 있습니다. 이 문자는 현재 원본 문자 집합에서 잘못된 문자입니다(코드 페이지 65001).
C:\Users\INGILL\Desktop\Projects\WinAPI-\chess\chess\BitMapManager.h(1,1): warning C4828: 파일에 0x13d 오프셋에서 시작하는 문자가 포함되어 있습니다. 이 문자는 현재 원본 문자 집합에서 잘못된 문자입니다(코드 페이지 65001).
C:\Users\INGILL\Desktop\Projects\WinAPI-\chess\chess\BitMapManager.h(1,1): warning C4828: 파일에 0x14b 오프셋에서 시작하는 문자가 포함되어 있습니다. 이 문자는 현재 원본 문자 집합에서 잘못된 문자입니다(코드 페이지 65001).
C:\Users\INGILL\Desktop\Projects\WinAPI-\chess\chess\BitMapManager.h(1,1): warning C4828: 파일에 0x14d 오프셋에서 시작하는 문자가 포함되어 있습니다. 이 문자는 현재 원본 문자 집합에서 잘못된 문자입니다(코드 페이지 65001).
C:\Users\INGILL\Desktop\Projects\WinAPI-\chess\chess\BitMapManager.h(1,1): warning C4828: 파일에 0x14e 오프셋에서 시작하는 문자가 포함되어 있습니다. 이 문자는 현재 원본 문자 집합에서 잘못된 문자입니다(코드 페이지 65001).
C:\Users\INGILL\Desktop\Projects\WinAPI-\chess\chess\BitMapManager.h(1,1): warning C4828: 파일에 0x150 오프셋에서 시작하는 문자가 포함되어 있습니다. 이 문자는 현재 원본 문자 집합에서 잘못된 문자입니다(코드 페이지 65001).
C:\Users\INGILL\Desktop\Projects\WinAPI-\chess\chess\BitMapManager.h(1,1): warning C4828: 파일에 0x152 오프셋에서 시작하는 문자가 포함되어 있습니다. 이 문자는 현재 원본 문자 집합에서 잘못된 문자입니다(코드 페이지 65001).
C:\Users\INGILL\Desktop\Projects\WinAPI-\chess\chess\BitMapManager.h(1,1): warning C4828: 파일에 0x153 오프셋에서 시작하는 문자가 포함되어 있습니다. 이 문자는 현재 원본 문자 집합에서 잘못된 문자입니다(코드 페이지 65001).
C:\Users\INGILL\Desktop\Projects\WinAPI-\chess\chess\BitMapManager.h(1,1): warning C4828: 파일에 0x157 오프셋에서 시작하는 문자가 포함되어 있습니다. 이 문자는 현재 원본 문자 집합에서 잘못된 문자입니다(코드 페이지 65001).
C:\Users\INGILL\Desktop\Projects\WinAPI-\chess\chess\BitMapManager.h(1,1): warning C4828: 파일에 0x159 오프셋에서 시작하는 문자가 포함되어 있습니다. 이 문자는 현재 원본 문자 집합에서 잘못된 문자입니다(코드 페이지 65001).
C:\Users\INGILL\Desktop\Projects\WinAPI-\chess\chess\BitMapManager.h(1,1): warning C4828: 파일에 0x15b 오프셋에서 시작하는 문자가 포함되어 있습니다. 이 문자는 현재 원본 문자 집합에서 잘못된 문자입니다(코드 페이지 65001).
C:\Users\INGILL\Desktop\Projects\WinAPI-\chess\chess\BitMapManager.h(1,1): warning C4828: 파일에 0x15c 오프셋에서 시작하는 문자가 포함되어 있습니다. 이 문자는 현재 원본 문자 집합에서 잘못된 문자입니다(코드 페이지 65001).
C:\Users\INGILL\Desktop\Projects\WinAPI-\chess\chess\BitMapManager.h(1,1): warning C4828: 파일에 0x16a 오프셋에서 시작하는 문자가 포함되어 있습니다. 이 문자는 현재 원본 문자 집합에서 잘못된 문자입니다(코드 페이지 65001).
C:\Users\INGILL\Desktop\Projects\WinAPI-\chess\chess\BitMapManager.h(1,1): warning C4828: 파일에 0x16c 오프셋에서 시작하는 문자가 포함되어 있습니다. 이 문자는 현재 원본 문자 집합에서 잘못된 문자입니다(코드 페이지 65001).
C:\Users\INGILL\Desktop\Projects\WinAPI-\chess\chess\BitMapManager.h(1,1): warning C4828: 파일에 0x16d 오프셋에서 시작하는 문자가 포함되어 있습니다. 이 문자는 현재 원본 문자 집합에서 잘못된 문자입니다(코드 페이지 65001).
C:\Users\INGILL\Desktop\Projects\WinAPI-\chess\chess\BitMapManager.h(1,1): warning C4828: 파일에 0x16f 오프셋에서 시작하는 문자가 포함되어 있습니다. 이 문자는 현재 원본 문자 집합에서 잘못된 문자입니다(코드 페이지 65001).
C:\Users\INGILL\Desktop\Projects\WinAPI-\chess\chess\BitMapManager.h(1,1): warning C4828: 파일에 0x171 오프셋에서 시작하는 문자가 포함되어 있습니다. 이 문자는 현재 원본 문자 집합에서 잘못된 문자입니다(코드 페이지 65001).
C:\Users\INGILL\Desktop\Projects\WinAPI-\chess\chess\BitMapManager.h(1,1): warning C4828: 파일에 0x172 오프셋에서 시작하는 문자가 포함되어 있습니다. 이 문자는 현재 원본 문자 집합에서 잘못된 문자입니다(코드 페이지 65001).
C:\Users\INGILL\Desktop\Projects\WinAPI-\chess\chess\BitMapManager.h(1,1): warning C4828: 파일에 0x176 오프셋에서 시작하는 문자가 포함되어 있습니다. 이 문자는 현재 원본 문자 집합에서 잘못된 문자입니다(코드 페이지 65001).
C:\Users\INGILL\Desktop\Projects\WinAPI-\chess\chess\BitMapManager.h(1,1): warning C4828: 파일에 0x178 오프셋에서 시작하는 문자가 포함되어 있습니다. 이 문자는 현재 원본 문자 집합에서 잘못된 문자입니다(코드 페이지 65001).
C:\Users\INGILL\Desktop\Projects\WinAPI-\chess\chess\BitMapManager.h(1,1): warning C4828: 파일에 0x17d 오프셋에서 시작하는 문자가 포함되어 있습니다. 이 문자는 현재 원본 문자 집합에서 잘못된 문자입니다(코드 페이지 65001).
C:\Users\INGILL\Desktop\Projects\WinAPI-\chess\chess\BitMapManager.h(1,1): warning C4828: 파일에 0x17f 오프셋에서 시작하는 문자가 포함되어 있습니다. 이 문자는 현재 원본 문자 집합에서 잘못된 문자입니다(코드 페이지 65001).
C:\Users\INGILL\Desktop\Projects\WinAPI-\chess\chess\BitMapManager.h(1,1): warning C4828: 파일에 0x180 오프셋에서 시작하는 문자가 포함되어 있습니다. 이 문자는 현재 원본 문자 집합에서 잘못된 문자입니다(코드 페이지 65001).
C:\Users\INGILL\Desktop\Projects\WinAPI-\chess\chess\BitMapManager.h(1,1): warning C4828: 파일에 0x18b 오프셋에서 시작하는 문자가 포함되어 있습니다. 이 문자는 현재 원본 문자 집합에서 잘못된 문자입니다(코드 페이지 65001).
C:\Users\INGILL\Desktop\Projects\WinAPI-\chess\chess\BitMapManager.h(1,1): warning C4828: 파일에 0x18d 오프셋에서 시작하는 문자가 포함되어 있습니다. 이 문자는 현재 원본 문자 집합에서 잘못된 문자입니다(코드 페이지 65001).
C:\Users\INGILL\Desktop\Projects\WinAPI-\chess\chess\BitMapManager.h(1,1): warning C4828: 파일에 0x18e 오프셋에서 시작하는 문자가 포함되어 있습니다. 이 문자는 현재 원본 문자 집합에서 잘못된 문자입니다(코드 페이지 65001).
C:\Users\INGILL\Desktop\Projects\WinAPI-\chess\chess\BitMapManager.h(1,1): warning C4828: 파일에 0x190 오프셋에서 시작하는 문자가 포함되어 있습니다. 이 문자는 현재 원본 문자 집합에서 잘못된 문자입니다(코드 페이지 65001).
C:\Users\INGILL\Desktop\Projects\WinAPI-\chess\chess\BitMapManager.h(1,1): warning C4828: 파일에 0x192 오프셋에서 시작하는 문자가 포함되어 있습니다. 이 문자는 현재 원본 문자 집합에서 잘못된 문자입니다(코드 페이지 65001).
C:\Users\INGILL\Desktop\Projects\WinAPI-\chess\chess\BitMapManager.h(1,1): warning C4828: 파일에 0x193 오프셋에서 시작하는 문자가 포함되어 있습니다. 이 문자는 현재 원본 문자 집합에서 잘못된 문자입니다(코드 페이지 65001).
C:\Users\INGILL\Desktop\Projects\WinAPI-\chess\chess\BitMapManager.h(1,1): warning C4828: 파일에 0x197 오프셋에서 시작하는 문자가 포함되어 있습니다. 이 문자는 현재 원본 문자 집합에서 잘못된 문자입니다(코드 페이지 65001).
C:\Users\INGILL\Desktop\Projects\WinAPI-\chess\chess\BitMapManager.h(1,1): warning C4828: 파일에 0x199 오프셋에서 시작하는 문자가 포함되어 있습니다. 이 문자는 현재 원본 문자 집합에서 잘못된 문자입니다(코드 페이지 65001).
C:\Users\INGILL\Desktop\Projects\WinAPI-\chess\chess\BitMapManager.h(1,1): warning C4828: 파일에 0x19b 오프셋에서 시작하는 문자가 포함되어 있습니다. 이 문자는 현재 원본 문자 집합에서 잘못된 문자입니다(코드 페이지 65001).
C:\Users\INGILL\Desktop\Projects\WinAPI-\chess\chess\BitMapManager.h(1,1): warning C4828: 파일에 0x19c 오프셋에서 시작하는 문자가 포함되어 있습니다. 이 문자는 현재 원본 문자 집합에서 잘못된 문자입니다(코드 페이지 65001).
C:\Users\INGILL\Desktop\Projects\WinAPI-\chess\chess\BitMapManager.h(1,1): warning C4828: 파일에 0x19e 오프셋에서 시작하는 문자가 포함되어 있습니다. 이 문자는 현재 원본 문자 집합에서 잘못된 문자입니다(코드 페이지 65001).
C:\Users\INGILL\Desktop\Projects\WinAPI-\chess\chess\BitMapManager.h(1,1): warning C4828: 파일에 0x19f 오프셋에서 시작하는 문자가 포함되어 있습니다. 이 문자는 현재 원본 문자 집합에서 잘못된 문자입니다(코드 페이지 65001).
C:\Users\INGILL\Desktop\Projects\WinAPI-\chess\chess\BitMapManager.h(1,1): warning C4828: 파일에 0x1a0 오프셋에서 시작하는 문자가 포함되어 있습니다. 이 문자는 현재 원본 문자 집합에서 잘못된 문자입니다(코드 페이지 65001).
C:\Users\INGILL\Desktop\Projects\WinAPI-\chess\chess\BitMapManager.h(1,1): warning C4828: 파일에 0x1a3 오프셋에서 시작하는 문자가 포함되어 있습니다. 이 문자는 현재 원본 문자 집합에서 잘못된 문자입니다(코드 페이지 65001).
C:\Users\INGILL\Desktop\Projects\WinAPI-\chess\chess\BitMapManager.h(1,1): warning C4828: 파일에 0x1a6 오프셋에서 시작하는 문자가 포함되어 있습니다. 이 문자는 현재 원본 문자 집합에서 잘못된 문자입니다(코드 페이지 65001).
C:\Users\INGILL\Desktop\Projects\WinAPI-\chess\chess\BitMapManager.h(1,1): warning C4828: 파일에 0x1a7 오프셋에서 시작하는 문자가 포함되어 있습니다. 이 문자는 현재 원본 문자 집합에서 잘못된 문자입니다(코드 페이지 65001).
C:\Users\INGILL\Desktop\Projects\WinAPI-\chess\chess\BitMapManager.h(1,1): warning C4828: 파일에 0x1b4 오프셋에서 시작하는 문자가 포함되어 있습니다. 이 문자는 현재 원본 문자 집합에서 잘못된 문자입니다(코드 페이지 65001).
C:\Users\INGILL\Desktop\Projects\WinAPI-\chess\chess\BitMapManager.h(1,1): warning C4828: 파일에 0x1b6 오프셋에서 시작하는 문자가 포함되어 있습니다. 이 문자는 현재 원본 문자 집합에서 잘못된 문자입니다(코드 페이지 65001).
C:\Users\INGILL\Desktop\Projects\WinAPI-\chess\chess\BitMapManager.h(1,1): warning C4828: 파일에 0x1b7 오프셋에서 시작하는 문자가 포함되어 있습니다. 이 문자는 현재 원본 문자 집합에서 잘못된 문자입니다(코드 페이지 65001).
C:\Users\INGILL\Desktop\Projects\WinAPI-\chess\chess\BitMapManager.h(1,1): warning C4828: 파일에 0x1b9 오프셋에서 시작하는 문자가 포함되어 있습니다. 이 문자는 현재 원본 문자 집합에서 잘못된 문자입니다(코드 페이지 65001).
C:\Users\INGILL\Desktop\Projects\WinAPI-\chess\chess\BitMapManager.h(1,1): warning C4828: 파일에 0x1bb 오프셋에서 시작하는 문자가 포함되어 있습니다. 이 문자는 현재 원본 문자 집합에서 잘못된 문자입니다(코드 페이지 65001).
C:\Users\INGILL\Desktop\Projects\WinAPI-\chess\chess\BitMapManager.h(1,1): warning C4828: 파일에 0x1bc 오프셋에서 시작하는 문자가 포함되어 있습니다. 이 문자는 현재 원본 문자 집합에서 잘못된 문자입니다(코드 페이지 65001).
C:\Users\INGILL\Desktop\Projects\WinAPI-\chess\chess\BitMapManager.h(1,1): warning C4828: 파일에 0x1c0 오프셋에서 시작하는 문자가 포함되어 있습니다. 이 문자는 현재 원본 문자 집합에서 잘못된 문자입니다(코드 페이지 65001).
C:\Users\INGILL\Desktop\Projects\WinAPI-\chess\chess\BitMapManager.h(1,1): warning C4828: 파일에 0x1c2 오프셋에서 시작하는 문자가 포함되어 있습니다. 이 문자는 현재 원본 문자 집합에서 잘못된 문자입니다(코드 페이지 65001).
C:\Users\INGILL\Desktop\Projects\WinAPI-\chess\chess\BitMapManager.h(1,1): warning C4828: 파일에 0x1c4 오프셋에서 시작하는 문자가 포함되어 있습니다. 이 문자는 현재 원본 문자 집합에서 잘못된 문자입니다(코드 페이지 65001).
C:\Users\INGILL\Desktop\Projects\WinAPI-\chess\chess\BitMapManager.h(1,1): warning C4828: 파일에 0x1c5 오프셋에서 시작하는 문자가 포함되어 있습니다. 이 문자는 현재 원본 문자 집합에서 잘못된 문자입니다(코드 페이지 65001).
C:\Users\INGILL\Desktop\Projects\WinAPI-\chess\chess\BitMapManager.h(1,1): warning C4828: 파일에 0x1c7 오프셋에서 시작하는 문자가 포함되어 있습니다. 이 문자는 현재 원본 문자 집합에서 잘못된 문자입니다(코드 페이지 65001).
C:\Users\INGILL\Desktop\Projects\WinAPI-\chess\chess\BitMapManager.h(1,1): warning C4828: 파일에 0x1c8 오프셋에서 시작하는 문자가 포함되어 있습니다. 이 문자는 현재 원본 문자 집합에서 잘못된 문자입니다(코드 페이지 65001).
C:\Users\INGILL\Desktop\Projects\WinAPI-\chess\chess\BitMapManager.h(1,1): warning C4828: 파일에 0x1c9 오프셋에서 시작하는 문자가 포함되어 있습니다. 이 문자는 현재 원본 문자 집합에서 잘못된 문자입니다(코드 페이지 65001).
C:\Users\INGILL\Desktop\Projects\WinAPI-\chess\chess\BitMapManager.h(1,1): warning C4828: 파일에 0x1cc 오프셋에서 시작하는 문자가 포함되어 있습니다. 이 문자는 현재 원본 문자 집합에서 잘못된 문자입니다(코드 페이지 65001).
C:\Users\INGILL\Desktop\Projects\WinAPI-\chess\chess\BitMapManager.h(1,1): warning C4828: 파일에 0x1cf 오프셋에서 시작하는 문자가 포함되어 있습니다. 이 문자는 현재 원본 문자 집합에서 잘못된 문자입니다(코드 페이지 65001).
C:\Users\INGILL\Desktop\Projects\WinAPI-\chess\chess\BitMapManager.h(1,1): warning C4828: 파일에 0x1d0 오프셋에서 시작하는 문자가 포함되어 있습니다. 이 문자는 현재 원본 문자 집합에서 잘못된 문자입니다(코드 페이지 65001).
C:\Users\INGILL\Desktop\Projects\WinAPI-\chess\chess\BitMapManager.h(1,1): warning C4828: 파일에 0x1e5 오프셋에서 시작하는 문자가 포함되어 있습니다. 이 문자는 현재 원본 문자 집합에서 잘못된 문자입니다(코드 페이지 65001).
C:\Users\INGILL\Desktop\Projects\WinAPI-\chess\chess\BitMapManager.h(1,1): warning C4828: 파일에 0x1e7 오프셋에서 시작하는 문자가 포함되어 있습니다. 이 문자는 현재 원본 문자 집합에서 잘못된 문자입니다(코드 페이지 65001).
C:\Users\INGILL\Desktop\Projects\WinAPI-\chess\chess\BitMapManager.h(1,1): warning C4828: 파일에 0x1e8 오프셋에서 시작하는 문자가 포함되어 있습니다. 이 문자는 현재 원본 문자 집합에서 잘못된 문자입니다(코드 페이지 65001).
C:\Users\INGILL\Desktop\Projects\WinAPI-\chess\chess\BitMapManager.h(1,1): warning C4828: 파일에 0x1ea 오프셋에서 시작하는 문자가 포함되어 있습니다. 이 문자는 현재 원본 문자 집합에서 잘못된 문자입니다(코드 페이지 65001).
C:\Users\INGILL\Desktop\Projects\WinAPI-\chess\chess\BitMapManager.h(1,1): warning C4828: 파일에 0x1ec 오프셋에서 시작하는 문자가 포함되어 있습니다. 이 문자는 현재 원본 문자 집합에서 잘못된 문자입니다(코드 페이지 65001).
C:\Users\INGILL\Desktop\Projects\WinAPI-\chess\chess\BitMapManager.h(1,1): warning C4828: 파일에 0x1ed 오프셋에서 시작하는 문자가 포함되어 있습니다. 이 문자는 현재 원본 문자 집합에서 잘못된 문자입니다(코드 페이지 65001).
C:\Users\INGILL\Desktop\Projects\WinAPI-\chess\chess\BitMapManager.h(1,1): warning C4828: 파일에 0x1f3 오프셋에서 시작하는 문자가 포함되어 있습니다. 이 문자는 현재 원본 문자 집합에서 잘못된 문자입니다(코드 페이지 65001).
C:\Users\INGILL\Desktop\Projects\WinAPI-\chess\chess\BitMapManager.h(1,1): warning C4828: 파일에 0x1f4 오프셋에서 시작하는 문자가 포함되어 있습니다. 이 문자는 현재 원본 문자 집합에서 잘못된 문자입니다(코드 페이지 65001).
C:\Users\INGILL\Desktop\Projects\WinAPI-\chess\chess\BitMapManager.h(1,1): warning C4828: 파일에 0x1f5 오프셋에서 시작하는 문자가 포함되어 있습니다. 이 문자는 현재 원본 문자 집합에서 잘못된 문자입니다(코드 페이지 65001).
C:\Users\INGILL\Desktop\Projects\WinAPI-\chess\chess\BitMapManager.h(1,1): warning C4828: 파일에 0x1f7 오프셋에서 시작하는 문자가 포함되어 있습니다. 이 문자는 현재 원본 문자 집합에서 잘못된 문자입니다(코드 페이지 65001).
C:\Users\INGILL\Desktop\Projects\WinAPI-\chess\chess\BitMapManager.h(1,1): warning C4828: 파일에 0x1f9 오프셋에서 시작하는 문자가 포함되어 있습니다. 이 문자는 현재 원본 문자 집합에서 잘못된 문자입니다(코드 페이지 65001).
C:\Users\INGILL\Desktop\Projects\WinAPI-\chess\chess\BitMapManager.h(1,1): warning C4828: 파일에 0x1fa 오프셋에서 시작하는 문자가 포함되어 있습니다. 이 문자는 현재 원본 문자 집합에서 잘못된 문자입니다(코드 페이지 65001).
C:\Users\INGILL\Desktop\Projects\WinAPI-\chess\chess\BitMapManager.h(1,1): warning C4828: 파일에 0x1fe 오프셋에서 시작하는 문자가 포함되어 있습니다. 이 문자는 현재 원본 문자 집합에서 잘못된 문자입니다(코드 페이지 65001).
C:\Users\INGILL\Desktop\Projects\WinAPI-\chess\chess\BitMapManager.h(1,1): warning C4828: 파일에 0x1ff 오프셋에서 시작하는 문자가 포함되어 있습니다. 이 문자는 현재 원본 문자 집합에서 잘못된 문자입니다(코드 페이지 65001).
C:\Users\INGILL\Desktop\Projects\WinAPI-\chess\chess\BitMapManager.h(1,1): warning C4828: 파일에 0x203 오프셋에서 시작하는 문자가 포함되어 있습니다. 이 문자는 현재 원본 문자 집합에서 잘못된 문자입니다(코드 페이지 65001).
C:\Users\INGILL\Desktop\Projects\WinAPI-\chess\chess\BitMapManager.h(1,1): warning C4828: 파일에 0x204 오프셋에서 시작하는 문자가 포함되어 있습니다. 이 문자는 현재 원본 문자 집합에서 잘못된 문자입니다(코드 페이지 65001).
C:\Users\INGILL\Desktop\Projects\WinAPI-\chess\chess\BitMapManager.h(1,1): warning C4828: 파일에 0x207 오프셋에서 시작하는 문자가 포함되어 있습니다. 이 문자는 현재 원본 문자 집합에서 잘못된 문자입니다(코드 페이지 65001).
C:\Users\INGILL\Desktop\Projects\WinAPI-\chess\chess\BitMapManager.h(1,1): warning C4828: 파일에 0x208 오프셋에서 시작하는 문자가 포함되어 있습니다. 이 문자는 현재 원본 문자 집합에서 잘못된 문자입니다(코드 페이지 65001).
C:\Users\INGILL\Desktop\Projects\WinAPI-\chess\chess\BitMapManager.h(1,1): warning C4828: 파일에 0x209 오프셋에서 시작하는 문자가 포함되어 있습니다. 이 문자는 현재 원본 문자 집합에서 잘못된 문자입니다(코드 페이지 65001).
C:\Users\INGILL\Desktop\Projects\WinAPI-\chess\chess\BitMapManager.h(1,1): warning C4828: 파일에 0x20a 오프셋에서 시작하는 문자가 포함되어 있습니다. 이 문자는 현재 원본 문자 집합에서 잘못된 문자입니다(코드 페이지 65001).
C:\Users\INGILL\Desktop\Projects\WinAPI-\chess\chess\BitMapManager.h(1,1): warning C4828: 파일에 0x20c 오프셋에서 시작하는 문자가 포함되어 있습니다. 이 문자는 현재 원본 문자 집합에서 잘못된 문자입니다(코드 페이지 65001).
C:\Users\INGILL\Desktop\Projects\WinAPI-\chess\chess\BitMapManager.h(1,1): warning C4828: 파일에 0x20d 오프셋에서 시작하는 문자가 포함되어 있습니다. 이 문자는 현재 원본 문자 집합에서 잘못된 문자입니다(코드 페이지 65001).
C:\Users\INGILL\Desktop\Projects\WinAPI-\chess\chess\BitMapManager.h(1,1): warning C4828: 파일에 0x21f 오프셋에서 시작하는 문자가 포함되어 있습니다. 이 문자는 현재 원본 문자 집합에서 잘못된 문자입니다(코드 페이지 65001).
C:\Users\INGILL\Desktop\Projects\WinAPI-\chess\chess\BitMapManager.h(1,1): warning C4828: 파일에 0x220 오프셋에서 시작하는 문자가 포함되어 있습니다. 이 문자는 현재 원본 문자 집합에서 잘못된 문자입니다(코드 페이지 65001).
C:\Users\INGILL\Desktop\Projects\WinAPI-\chess\chess\BitMapManager.h(1,1): warning C4828: 파일에 0x222 오프셋에서 시작하는 문자가 포함되어 있습니다. 이 문자는 현재 원본 문자 집합에서 잘못된 문자입니다(코드 페이지 65001).
C:\Users\INGILL\Desktop\Projects\WinAPI-\chess\chess\BitMapManager.h(1,1): warning C4828: 파일에 0x223 오프셋에서 시작하는 문자가 포함되어 있습니다. 이 문자는 현재 원본 문자 집합에서 잘못된 문자입니다(코드 페이지 65001).
C:\Users\INGILL\Desktop\Projects\WinAPI-\chess\chess\BitMapManager.h(1,1): warning C4828: 파일에 0x224 오프셋에서 시작하는 문자가 포함되어 있습니다. 이 문자는 현재 원본 문자 집합에서 잘못된 문자입니다(코드 페이지 65001).
C:\Users\INGILL\Desktop\Projects\WinAPI-\chess\chess\BitMapManager.h(1,1): warning C4828: 파일에 0x225 오프셋에서 시작하는 문자가 포함되어 있습니다. 이 문자는 현재 원본 문자 집합에서 잘못된 문자입니다(코드 페이지 65001).
C:\Users\INGILL\Desktop\Projects\WinAPI-\chess\chess\BitMapManager.h(1,1): warning C4828: 파일에 0x228 오프셋에서 시작하는 문자가 포함되어 있습니다. 이 문자는 현재 원본 문자 집합에서 잘못된 문자입니다(코드 페이지 65001).
C:\Users\INGILL\Desktop\Projects\WinAPI-\chess\chess\BitMapManager.h(1,1): warning C4828: 파일에 0x229 오프셋에서 시작하는 문자가 포함되어 있습니다. 이 문자는 현재 원본 문자 집합에서 잘못된 문자입니다(코드 페이지 65001).
C:\Users\INGILL\Desktop\Projects\WinAPI-\chess\chess\BitMapManager.h(1,1): warning C4828: 파일에 0x22b 오프셋에서 시작하는 문자가 포함되어 있습니다. 이 문자는 현재 원본 문자 집합에서 잘못된 문자입니다(코드 페이지 65001).
C:\Users\INGILL\Desktop\Projects\WinAPI-\chess\chess\BitMapManager.h(1,1): warning C4828: 파일에 0x22e 오프셋에서 시작하는 문자가 포함되어 있습니다. 이 문자는 현재 원본 문자 집합에서 잘못된 문자입니다(코드 페이지 65001).
C:\Users\INGILL\Desktop\Projects\WinAPI-\chess\chess\BitMapManager.h(1,1): warning C4828: 파일에 0x23b 오프셋에서 시작하는 문자가 포함되어 있습니다. 이 문자는 현재 원본 문자 집합에서 잘못된 문자입니다(코드 페이지 65001).
C:\Users\INGILL\Desktop\Projects\WinAPI-\chess\chess\BitMapManager.h(1,1): warning C4828: 파일에 0x23d 오프셋에서 시작하는 문자가 포함되어 있습니다. 이 문자는 현재 원본 문자 집합에서 잘못된 문자입니다(코드 페이지 65001).
C:\Users\INGILL\Desktop\Projects\WinAPI-\chess\chess\BitMapManager.h(1,1): warning C4828: 파일에 0x23e 오프셋에서 시작하는 문자가 포함되어 있습니다. 이 문자는 현재 원본 문자 집합에서 잘못된 문자입니다(코드 페이지 65001).
C:\Users\INGILL\Desktop\Projects\WinAPI-\chess\chess\BitMapManager.h(1,1): warning C4828: 파일에 0x240 오프셋에서 시작하는 문자가 포함되어 있습니다. 이 문자는 현재 원본 문자 집합에서 잘못된 문자입니다(코드 페이지 65001).
C:\Users\INGILL\Desktop\Projects\WinAPI-\chess\chess\BitMapManager.h(1,1): warning C4828: 파일에 0x242 오프셋에서 시작하는 문자가 포함되어 있습니다. 이 문자는 현재 원본 문자 집합에서 잘못된 문자입니다(코드 페이지 65001).
C:\Users\INGILL\Desktop\Projects\WinAPI-\chess\chess\BitMapManager.h(1,1): warning C4828: 파일에 0x243 오프셋에서 시작하는 문자가 포함되어 있습니다. 이 문자는 현재 원본 문자 집합에서 잘못된 문자입니다(코드 페이지 65001).
C:\Users\INGILL\Desktop\Projects\WinAPI-\chess\chess\BitMapManager.h(1,1): warning C4828: 파일에 0x247 오프셋에서 시작하는 문자가 포함되어 있습니다. 이 문자는 현재 원본 문자 집합에서 잘못된 문자입니다(코드 페이지 65001).
C:\Users\INGILL\Desktop\Projects\WinAPI-\chess\chess\BitMapManager.h(1,1): warning C4828: 파일에 0x249 오프셋에서 시작하는 문자가 포함되어 있습니다. 이 문자는 현재 원본 문자 집합에서 잘못된 문자입니다(코드 페이지 65001).
C:\Users\INGILL\Desktop\Projects\WinAPI-\chess\chess\BitMapManager.h(1,1): warning C4828: 파일에 0x24b 오프셋에서 시작하는 문자가 포함되어 있습니다. 이 문자는 현재 원본 문자 집합에서 잘못된 문자입니다(코드 페이지 65001).
C:\Users\INGILL\Desktop\Projects\WinAPI-\chess\chess\BitMapManager.h(1,1): warning C4828: 파일에 0x24c 오프셋에서 시작하는 문자가 포함되어 있습니다. 이 문자는 현재 원본 문자 집합에서 잘못된 문자입니다(코드 페이지 65001).
C:\Users\INGILL\Desktop\Projects\WinAPI-\chess\chess\BitMapManager.h(1,1): warning C4828: 파일에 0x24e 오프셋에서 시작하는 문자가 포함되어 있습니다. 이 문자는 현재 원본 문자 집합에서 잘못된 문자입니다(코드 페이지 65001).
C:\Users\INGILL\Desktop\Projects\WinAPI-\chess\chess\BitMapManager.h(1,1): warning C4828: 파일에 0x250 오프셋에서 시작하는 문자가 포함되어 있습니다. 이 문자는 현재 원본 문자 집합에서 잘못된 문자입니다(코드 페이지 65001).
C:\Users\INGILL\Desktop\Projects\WinAPI-\chess\chess\BitMapManager.h(1,1): warning C4828: 파일에 0x251 오프셋에서 시작하는 문자가 포함되어 있습니다. 이 문자는 현재 원본 문자 집합에서 잘못된 문자입니다(코드 페이지 65001).
C:\Users\INGILL\Desktop\Projects\WinAPI-\chess\chess\BitMapManager.h(1,1): warning C4828: 파일에 0x25a 오프셋에서 시작하는 문자가 포함되어 있습니다. 이 문자는 현재 원본 문자 집합에서 잘못된 문자입니다(코드 페이지 65001).
C:\Users\INGILL\Desktop\Projects\WinAPI-\chess\chess\BitMapManager.h(1,1): warning C4828: 파일에 0x25b 오프셋에서 시작하는 문자가 포함되어 있습니다. 이 문자는 현재 원본 문자 집합에서 잘못된 문자입니다(코드 페이지 65001).
C:\Users\INGILL\Desktop\Projects\WinAPI-\chess\chess\BitMapManager.h(1,1): warning C4828: 파일에 0x25e 오프셋에서 시작하는 문자가 포함되어 있습니다. 이 문자는 현재 원본 문자 집합에서 잘못된 문자입니다(코드 페이지 65001).
C:\Users\INGILL\Desktop\Projects\WinAPI-\chess\chess\BitMapManager.h(1,1): warning C4828: 파일에 0x25f 오프셋에서 시작하는 문자가 포함되어 있습니다. 이 문자는 현재 원본 문자 집합에서 잘못된 문자입니다(코드 페이지 65001).
C:\Users\INGILL\Desktop\Projects\WinAPI-\chess\chess\BitMapManager.h(1,1): warning C4828: 파일에 0x261 오프셋에서 시작하는 문자가 포함되어 있습니다. 이 문자는 현재 원본 문자 집합에서 잘못된 문자입니다(코드 페이지 65001).
C:\Users\INGILL\Desktop\Projects\WinAPI-\chess\chess\BitMapManager.h(1,1): warning C4828: 파일에 0x262 오프셋에서 시작하는 문자가 포함되어 있습니다. 이 문자는 현재 원본 문자 집합에서 잘못된 문자입니다(코드 페이지 65001).
C:\Users\INGILL\Desktop\Projects\WinAPI-\chess\chess\BitMapManager.h(1,1): warning C4828: 파일에 0x2d4 오프셋에서 시작하는 문자가 포함되어 있습니다. 이 문자는 현재 원본 문자 집합에서 잘못된 문자입니다(코드 페이지 65001).
C:\Users\INGILL\Desktop\Projects\WinAPI-\chess\chess\BitMapManager.h(1,1): warning C4828: 파일에 0x2d5 오프셋에서 시작하는 문자가 포함되어 있습니다. 이 문자는 현재 원본 문자 집합에서 잘못된 문자입니다(코드 페이지 65001).
C:\Users\INGILL\Desktop\Projects\WinAPI-\chess\chess\BitMapManager.h(1,1): warning C4828: 파일에 0x2d6 오프셋에서 시작하는 문자가 포함되어 있습니다. 이 문자는 현재 원본 문자 집합에서 잘못된 문자입니다(코드 페이지 65001).
C:\Users\INGILL\Desktop\Projects\WinAPI-\chess\chess\BitMapManager.h(1,1): warning C4828: 파일에 0x2d7 오프셋에서 시작하는 문자가 포함되어 있습니다. 이 문자는 현재 원본 문자 집합에서 잘못된 문자입니다(코드 페이지 65001).
C:\Users\INGILL\Desktop\Projects\WinAPI-\chess\chess\BitMapManager.h(1,1): warning C4828: 파일에 0x2fe 오프셋에서 시작하는 문자가 포함되어 있습니다. 이 문자는 현재 원본 문자 집합에서 잘못된 문자입니다(코드 페이지 65001).
C:\Users\INGILL\Desktop\Projects\WinAPI-\chess\chess\BitMapManager.h(1,1): warning C4828: 파일에 0x2ff 오프셋에서 시작하는 문자가 포함되어 있습니다. 이 문자는 현재 원본 문자 집합에서 잘못된 문자입니다(코드 페이지 65001).
C:\Users\INGILL\Desktop\Projects\WinAPI-\chess\chess\BitMapManager.h(1,1): warning C4828: 파일에 0x300 오프셋에서 시작하는 문자가 포함되어 있습니다. 이 문자는 현재 원본 문자 집합에서 잘못된 문자입니다(코드 페이지 65001).
C:\Users\INGILL\Desktop\Projects\WinAPI-\chess\chess\BitMapManager.h(1,1): warning C4828: 파일에 0x325 오프셋에서 시작하는 문자가 포함되어 있습니다. 이 문자는 현재 원본 문자 집합에서 잘못된 문자입니다(코드 페이지 65001).
C:\Users\INGILL\Desktop\Projects\WinAPI-\chess\chess\BitMapManager.h(1,1): warning C4828: 파일에 0x326 오프셋에서 시작하는 문자가 포함되어 있습니다. 이 문자는 현재 원본 문자 집합에서 잘못된 문자입니다(코드 페이지 65001).
C:\Users\INGILL\Desktop\Projects\WinAPI-\chess\chess\BitMapManager.h(1,1): warning C4828: 파일에 0x327 오프셋에서 시작하는 문자가 포함되어 있습니다. 이 문자는 현재 원본 문자 집합에서 잘못된 문자입니다(코드 페이지 65001).
C:\Users\INGILL\Desktop\Projects\WinAPI-\chess\chess\BitMapManager.h(1,1): warning C4828: 파일에 0x34b 오프셋에서 시작하는 문자가 포함되어 있습니다. 이 문자는 현재 원본 문자 집합에서 잘못된 문자입니다(코드 페이지 65001).
C:\Users\INGILL\Desktop\Projects\WinAPI-\chess\chess\BitMapManager.h(1,1): warning C4828: 파일에 0x34f 오프셋에서 시작하는 문자가 포함되어 있습니다. 이 문자는 현재 원본 문자 집합에서 잘못된 문자입니다(코드 페이지 65001).
C:\Users\INGILL\Desktop\Projects\WinAPI-\chess\chess\BitMapManager.h(1,1): warning C4828: 파일에 0x350 오프셋에서 시작하는 문자가 포함되어 있습니다. 이 문자는 현재 원본 문자 집합에서 잘못된 문자입니다(코드 페이지 65001).
C:\Users\INGILL\Desktop\Projects\WinAPI-\chess\chess\BitMapManager.h(1,1): warning C4828: 파일에 0x352 오프셋에서 시작하는 문자가 포함되어 있습니다. 이 문자는 현재 원본 문자 집합에서 잘못된 문자입니다(코드 페이지 65001).
C:\Users\INGILL\Desktop\Projects\WinAPI-\chess\chess\BitMapManager.h(1,1): warning C4828: 파일에 0x353 오프셋에서 시작하는 문자가 포함되어 있습니다. 이 문자는 현재 원본 문자 집합에서 잘못된 문자입니다(코드 페이지 65001).
C:\Users\INGILL\Desktop\Projects\WinAPI-\chess\chess\BitMapManager.h(1,1): warning C4828: 파일에 0x354 오프셋에서 시작하는 문자가 포함되어 있습니다. 이 문자는 현재 원본 문자 집합에서 잘못된 문자입니다(코드 페이지 65001).
C:\Users\INGILL\Desktop\Projects\WinAPI-\chess\chess\BitMapManager.h(1,1): warning C4828: 파일에 0x375 오프셋에서 시작하는 문자가 포함되어 있습니다. 이 문자는 현재 원본 문자 집합에서 잘못된 문자입니다(코드 페이지 65001).
C:\Users\INGILL\Desktop\Projects\WinAPI-\chess\chess\BitMapManager.h(1,1): warning C4828: 파일에 0x376 오프셋에서 시작하는 문자가 포함되어 있습니다. 이 문자는 현재 원본 문자 집합에서 잘못된 문자입니다(코드 페이지 65001).
C:\Users\INGILL\Desktop\Projects\WinAPI-\chess\chess\BitMapManager.h(1,1): warning C4828: 파일에 0x378 오프셋에서 시작하는 문자가 포함되어 있습니다. 이 문자는 현재 원본 문자 집합에서 잘못된 문자입니다(코드 페이지 65001).
C:\Users\INGILL\Desktop\Projects\WinAPI-\chess\chess\BitMapManager.h(1,1): warning C4828: 파일에 0x37c 오프셋에서 시작하는 문자가 포함되어 있습니다. 이 문자는 현재 원본 문자 집합에서 잘못된 문자입니다(코드 페이지 65001).
C:\Users\INGILL\Desktop\Projects\WinAPI-\chess\chess\BitMapManager.h(1,1): warning C4828: 파일에 0x37d 오프셋에서 시작하는 문자가 포함되어 있습니다. 이 문자는 현재 원본 문자 집합에서 잘못된 문자입니다(코드 페이지 65001).
C:\Users\INGILL\Desktop\Projects\WinAPI-\chess\chess\BitMapManager.h(1,1): warning C4828: 파일에 0x37e 오프셋에서 시작하는 문자가 포함되어 있습니다. 이 문자는 현재 원본 문자 집합에서 잘못된 문자입니다(코드 페이지 65001).
C:\Users\INGILL\Desktop\Projects\WinAPI-\chess\chess\BitMapManager.h(1,1): warning C4828: 파일에 0x37f 오프셋에서 시작하는 문자가 포함되어 있습니다. 이 문자는 현재 원본 문자 집합에서 잘못된 문자입니다(코드 페이지 65001).
C:\Users\INGILL\Desktop\Projects\WinAPI-\chess\chess\BitMapManager.h(1,1): warning C4828: 파일에 0x381 오프셋에서 시작하는 문자가 포함되어 있습니다. 이 문자는 현재 원본 문자 집합에서 잘못된 문자입니다(코드 페이지 65001).
C:\Users\INGILL\Desktop\Projects\WinAPI-\chess\chess\BitMapManager.h(1,1): warning C4828: 파일에 0x382 오프셋에서 시작하는 문자가 포함되어 있습니다. 이 문자는 현재 원본 문자 집합에서 잘못된 문자입니다(코드 페이지 65001).
C:\Users\INGILL\Desktop\Projects\WinAPI-\chess\chess\BitMapManager.h(1,1): warning C4828: 파일에 0x385 오프셋에서 시작하는 문자가 포함되어 있습니다. 이 문자는 현재 원본 문자 집합에서 잘못된 문자입니다(코드 페이지 65001).
C:\Users\INGILL\Desktop\Projects\WinAPI-\chess\chess\BitMapManager.h(1,1): warning C4828: 파일에 0x386 오프셋에서 시작하는 문자가 포함되어 있습니다. 이 문자는 현재 원본 문자 집합에서 잘못된 문자입니다(코드 페이지 65001).
C:\Users\INGILL\Desktop\Projects\WinAPI-\chess\chess\BitMapManager.h(1,1): warning C4828: 파일에 0x38a 오프셋에서 시작하는 문자가 포함되어 있습니다. 이 문자는 현재 원본 문자 집합에서 잘못된 문자입니다(코드 페이지 65001).
C:\Users\INGILL\Desktop\Projects\WinAPI-\chess\chess\BitMapManager.h(1,1): warning C4828: 파일에 0x38b 오프셋에서 시작하는 문자가 포함되어 있습니다. 이 문자는 현재 원본 문자 집합에서 잘못된 문자입니다(코드 페이지 65001).
C:\Users\INGILL\Desktop\Projects\WinAPI-\chess\chess\BitMapManager.h(1,1): warning C4828: 파일에 0x438 오프셋에서 시작하는 문자가 포함되어 있습니다. 이 문자는 현재 원본 문자 집합에서 잘못된 문자입니다(코드 페이지 65001).
C:\Users\INGILL\Desktop\Projects\WinAPI-\chess\chess\BitMapManager.h(1,1): warning C4828: 파일에 0x439 오프셋에서 시작하는 문자가 포함되어 있습니다. 이 문자는 현재 원본 문자 집합에서 잘못된 문자입니다(코드 페이지 65001).
C:\Users\INGILL\Desktop\Projects\WinAPI-\chess\chess\BitMapManager.h(1,1): warning C4828: 파일에 0x43d 오프셋에서 시작하는 문자가 포함되어 있습니다. 이 문자는 현재 원본 문자 집합에서 잘못된 문자입니다(코드 페이지 65001).
C:\Users\INGILL\Desktop\Projects\WinAPI-\chess\chess\BitMapManager.h(1,1): warning C4828: 파일에 0x440 오프셋에서 시작하는 문자가 포함되어 있습니다. 이 문자는 현재 원본 문자 집합에서 잘못된 문자입니다(코드 페이지 65001).
C:\Users\INGILL\Desktop\Projects\WinAPI-\chess\chess\BitMapManager.h(1,1): warning C4828: 파일에 0x442 오프셋에서 시작하는 문자가 포함되어 있습니다. 이 문자는 현재 원본 문자 집합에서 잘못된 문자입니다(코드 페이지 65001).
C:\Users\INGILL\Desktop\Projects\WinAPI-\chess\chess\BitMapManager.h(1,1): warning C4828: 파일에 0x443 오프셋에서 시작하는 문자가 포함되어 있습니다. 이 문자는 현재 원본 문자 집합에서 잘못된 문자입니다(코드 페이지 65001).
C:\Users\INGILL\Desktop\Projects\WinAPI-\chess\chess\BitMapManager.h(1,1): warning C4828: 파일에 0x444 오프셋에서 시작하는 문자가 포함되어 있습니다. 이 문자는 현재 원본 문자 집합에서 잘못된 문자입니다(코드 페이지 65001).
C:\Users\INGILL\Desktop\Projects\WinAPI-\chess\chess\BitMapManager.h(1,1): warning C4828: 파일에 0x445 오프셋에서 시작하는 문자가 포함되어 있습니다. 이 문자는 현재 원본 문자 집합에서 잘못된 문자입니다(코드 페이지 65001).
C:\Users\INGILL\Desktop\Projects\WinAPI-\chess\chess\BitMapManager.h(1,1): warning C4828: 파일에 0x447 오프셋에서 시작하는 문자가 포함되어 있습니다. 이 문자는 현재 원본 문자 집합에서 잘못된 문자입니다(코드 페이지 65001).
C:\Users\INGILL\Desktop\Projects\WinAPI-\chess\chess\BitMapManager.h(1,1): warning C4828: 파일에 0x448 오프셋에서 시작하는 문자가 포함되어 있습니다. 이 문자는 현재 원본 문자 집합에서 잘못된 문자입니다(코드 페이지 65001).
C:\Users\INGILL\Desktop\Projects\WinAPI-\chess\chess\BitMapManager.h(1,1): warning C4828: 파일에 0x473 오프셋에서 시작하는 문자가 포함되어 있습니다. 이 문자는 현재 원본 문자 집합에서 잘못된 문자입니다(코드 페이지 65001).
C:\Users\INGILL\Desktop\Projects\WinAPI-\chess\chess\BitMapManager.h(1,1): warning C4828: 파일에 0x474 오프셋에서 시작하는 문자가 포함되어 있습니다. 이 문자는 현재 원본 문자 집합에서 잘못된 문자입니다(코드 페이지 65001).
C:\Users\INGILL\Desktop\Projects\WinAPI-\chess\chess\BitMapManager.h(1,1): warning C4828: 파일에 0x475 오프셋에서 시작하는 문자가 포함되어 있습니다. 이 문자는 현재 원본 문자 집합에서 잘못된 문자입니다(코드 페이지 65001).
C:\Users\INGILL\Desktop\Projects\WinAPI-\chess\chess\BitMapManager.h(1,1): warning C4828: 파일에 0x477 오프셋에서 시작하는 문자가 포함되어 있습니다. 이 문자는 현재 원본 문자 집합에서 잘못된 문자입니다(코드 페이지 65001).
C:\Users\INGILL\Desktop\Projects\WinAPI-\chess\chess\BitMapManager.h(1,1): warning C4828: 파일에 0x478 오프셋에서 시작하는 문자가 포함되어 있습니다. 이 문자는 현재 원본 문자 집합에서 잘못된 문자입니다(코드 페이지 65001).
C:\Users\INGILL\Desktop\Projects\WinAPI-\chess\chess\BitMapManager.h(1,1): warning C4828: 파일에 0x47c 오프셋에서 시작하는 문자가 포함되어 있습니다. 이 문자는 현재 원본 문자 집합에서 잘못된 문자입니다(코드 페이지 65001).
C:\Users\INGILL\Desktop\Projects\WinAPI-\chess\chess\BitMapManager.h(1,1): warning C4828: 파일에 0x47d 오프셋에서 시작하는 문자가 포함되어 있습니다. 이 문자는 현재 원본 문자 집합에서 잘못된 문자입니다(코드 페이지 65001).
C:\Users\INGILL\Desktop\Projects\WinAPI-\chess\chess\BitMapManager.h(1,1): warning C4828: 파일에 0x480 오프셋에서 시작하는 문자가 포함되어 있습니다. 이 문자는 현재 원본 문자 집합에서 잘못된 문자입니다(코드 페이지 65001).
C:\Users\INGILL\Desktop\Projects\WinAPI-\chess\chess\BitMapManager.h(1,1): warning C4828: 파일에 0x481 오프셋에서 시작하는 문자가 포함되어 있습니다. 이 문자는 현재 원본 문자 집합에서 잘못된 문자입니다(코드 페이지 65001).
C:\Users\INGILL\Desktop\Projects\WinAPI-\chess\chess\BitMapManager.h(1,1): warning C4828: 파일에 0x485 오프셋에서 시작하는 문자가 포함되어 있습니다. 이 문자는 현재 원본 문자 집합에서 잘못된 문자입니다(코드 페이지 65001).
C:\Users\INGILL\Desktop\Projects\WinAPI-\chess\chess\BitMapManager.h(1,1): warning C4828: 파일에 0x4f7 오프셋에서 시작하는 문자가 포함되어 있습니다. 이 문자는 현재 원본 문자 집합에서 잘못된 문자입니다(코드 페이지 65001).
C:\Users\INGILL\Desktop\Projects\WinAPI-\chess\chess\BitMapManager.h(1,1): warning C4828: 파일에 0x4f8 오프셋에서 시작하는 문자가 포함되어 있습니다. 이 문자는 현재 원본 문자 집합에서 잘못된 문자입니다(코드 페이지 65001).
C:\Users\INGILL\Desktop\Projects\WinAPI-\chess\chess\BitMapManager.h(1,1): warning C4828: 파일에 0x4fa 오프셋에서 시작하는 문자가 포함되어 있습니다. 이 문자는 현재 원본 문자 집합에서 잘못된 문자입니다(코드 페이지 65001).
C:\Users\INGILL\Desktop\Projects\WinAPI-\chess\chess\BitMapManager.h(1,1): warning C4828: 파일에 0x4fe 오프셋에서 시작하는 문자가 포함되어 있습니다. 이 문자는 현재 원본 문자 집합에서 잘못된 문자입니다(코드 페이지 65001).
C:\Users\INGILL\Desktop\Projects\WinAPI-\chess\chess\BitMapManager.h(1,1): warning C4828: 파일에 0x500 오프셋에서 시작하는 문자가 포함되어 있습니다. 이 문자는 현재 원본 문자 집합에서 잘못된 문자입니다(코드 페이지 65001).
C:\Users\INGILL\Desktop\Projects\WinAPI-\chess\chess\BitMapManager.h(1,1): warning C4828: 파일에 0x503 오프셋에서 시작하는 문자가 포함되어 있습니다. 이 문자는 현재 원본 문자 집합에서 잘못된 문자입니다(코드 페이지 65001).
C:\Users\INGILL\Desktop\Projects\WinAPI-\chess\chess\BitMapManager.h(1,1): warning C4828: 파일에 0x529 오프셋에서 시작하는 문자가 포함되어 있습니다. 이 문자는 현재 원본 문자 집합에서 잘못된 문자입니다(코드 페이지 65001).
C:\Users\INGILL\Desktop\Projects\WinAPI-\chess\chess\BitMapManager.h(1,1): warning C4828: 파일에 0x52a 오프셋에서 시작하는 문자가 포함되어 있습니다. 이 문자는 현재 원본 문자 집합에서 잘못된 문자입니다(코드 페이지 65001).
C:\Users\INGILL\Desktop\Projects\WinAPI-\chess\chess\BitMapManager.h(1,1): warning C4828: 파일에 0x52c 오프셋에서 시작하는 문자가 포함되어 있습니다. 이 문자는 현재 원본 문자 집합에서 잘못된 문자입니다(코드 페이지 65001).
C:\Users\INGILL\Desktop\Projects\WinAPI-\chess\chess\BitMapManager.h(1,1): warning C4828: 파일에 0x530 오프셋에서 시작하는 문자가 포함되어 있습니다. 이 문자는 현재 원본 문자 집합에서 잘못된 문자입니다(코드 페이지 65001).
C:\Users\INGILL\Desktop\Projects\WinAPI-\chess\chess\BitMapManager.h(1,1): warning C4828: 파일에 0x532 오프셋에서 시작하는 문자가 포함되어 있습니다. 이 문자는 현재 원본 문자 집합에서 잘못된 문자입니다(코드 페이지 65001).
C:\Users\INGILL\Desktop\Projects\WinAPI-\chess\chess\BitMapManager.h(1,1): warning C4828: 파일에 0x537 오프셋에서 시작하는 문자가 포함되어 있습니다. 이 문자는 현재 원본 문자 집합에서 잘못된 문자입니다(코드 페이지 65001).
C:\Users\INGILL\Desktop\Projects\WinAPI-\chess\chess\BitMapManager.h(1,1): warning C4828: 파일에 0x53c 오프셋에서 시작하는 문자가 포함되어 있습니다. 이 문자는 현재 원본 문자 집합에서 잘못된 문자입니다(코드 페이지 65001).
C:\Users\INGILL\Desktop\Projects\WinAPI-\chess\chess\BitMapManager.h(1,1): warning C4828: 파일에 0x53d 오프셋에서 시작하는 문자가 포함되어 있습니다. 이 문자는 현재 원본 문자 집합에서 잘못된 문자입니다(코드 페이지 65001).
C:\Users\INGILL\Desktop\Projects\WinAPI-\chess\chess\BitMapManager.h(1,1): warning C4828: 파일에 0x541 오프셋에서 시작하는 문자가 포함되어 있습니다. 이 문자는 현재 원본 문자 집합에서 잘못된 문자입니다(코드 페이지 65001).
C:\Users\INGILL\Desktop\Projects\WinAPI-\chess\chess\BitMapManager.h(1,1): warning C4828: 파일에 0x569 오프셋에서 시작하는 문자가 포함되어 있습니다. 이 문자는 현재 원본 문자 집합에서 잘못된 문자입니다(코드 페이지 65001).
C:\Users\INGILL\Desktop\Projects\WinAPI-\chess\chess\BitMapManager.h(1,1): warning C4828: 파일에 0x56a 오프셋에서 시작하는 문자가 포함되어 있습니다. 이 문자는 현재 원본 문자 집합에서 잘못된 문자입니다(코드 페이지 65001).
C:\Users\INGILL\Desktop\Projects\WinAPI-\chess\chess\BitMapManager.h(1,1): warning C4828: 파일에 0x56d 오프셋에서 시작하는 문자가 포함되어 있습니다. 이 문자는 현재 원본 문자 집합에서 잘못된 문자입니다(코드 페이지 65001).
C:\Users\INGILL\Desktop\Projects\WinAPI-\chess\chess\BitMapManager.h(1,1): warning C4828: 파일에 0x56e 오프셋에서 시작하는 문자가 포함되어 있습니다. 이 문자는 현재 원본 문자 집합에서 잘못된 문자입니다(코드 페이지 65001).
C:\Users\INGILL\Desktop\Projects\WinAPI-\chess\chess\BitMapManager.h(1,1): warning C4828: 파일에 0x572 오프셋에서 시작하는 문자가 포함되어 있습니다. 이 문자는 현재 원본 문자 집합에서 잘못된 문자입니다(코드 페이지 65001).
C:\Users\INGILL\Desktop\Projects\WinAPI-\chess\chess\BitMapManager.h(1,1): warning C4828: 파일에 0x573 오프셋에서 시작하는 문자가 포함되어 있습니다. 이 문자는 현재 원본 문자 집합에서 잘못된 문자입니다(코드 페이지 65001).
C:\Users\INGILL\Desktop\Projects\WinAPI-\chess\chess\BitMapManager.h(1,1): warning C4828: 파일에 0x575 오프셋에서 시작하는 문자가 포함되어 있습니다. 이 문자는 현재 원본 문자 집합에서 잘못된 문자입니다(코드 페이지 65001).
C:\Users\INGILL\Desktop\Projects\WinAPI-\chess\chess\BitMapManager.h(1,1): warning C4828: 파일에 0x576 오프셋에서 시작하는 문자가 포함되어 있습니다. 이 문자는 현재 원본 문자 집합에서 잘못된 문자입니다(코드 페이지 65001).
C:\Users\INGILL\Desktop\Projects\WinAPI-\chess\chess\resource.h(1,1): warning C4828: 파일에 0x2e 오프셋에서 시작하는 문자가 포함되어 있습니다. 이 문자는 현재 원본 문자 집합에서 잘못된 문자입니다(코드 페이지 65001).
C:\Users\INGILL\Desktop\Projects\WinAPI-\chess\chess\resource.h(1,1): warning C4828: 파일에 0x2f 오프셋에서 시작하는 문자가 포함되어 있습니다. 이 문자는 현재 원본 문자 집합에서 잘못된 문자입니다(코드 페이지 65001).
C:\Users\INGILL\Desktop\Projects\WinAPI-\chess\chess\resource.h(1,1): warning C4828: 파일에 0x30 오프셋에서 시작하는 문자가 포함되어 있습니다. 이 문자는 현재 원본 문자 집합에서 잘못된 문자입니다(코드 페이지 65001).
C:\Users\INGILL\Desktop\Projects\WinAPI-\chess\chess\resource.h(1,1): warning C4828: 파일에 0x31 오프셋에서 시작하는 문자가 포함되어 있습니다. 이 문자는 현재 원본 문자 집합에서 잘못된 문자입니다(코드 페이지 65001).
C:\Users\INGILL\Desktop\Projects\WinAPI-\chess\chess\resource.h(1,1): warning C4828: 파일에 0x33 오프셋에서 시작하는 문자가 포함되어 있습니다. 이 문자는 현재 원본 문자 집합에서 잘못된 문자입니다(코드 페이지 65001).
C:\Users\INGILL\Desktop\Projects\WinAPI-\chess\chess\resource.h(1,1): warning C4828: 파일에 0x34 오프셋에서 시작하는 문자가 포함되어 있습니다. 이 문자는 현재 원본 문자 집합에서 잘못된 문자입니다(코드 페이지 65001).
C:\Users\INGILL\Desktop\Projects\WinAPI-\chess\chess\resource.h(1,1): warning C4828: 파일에 0x35 오프셋에서 시작하는 문자가 포함되어 있습니다. 이 문자는 현재 원본 문자 집합에서 잘못된 문자입니다(코드 페이지 65001).
C:\Users\INGILL\Desktop\Projects\WinAPI-\chess\chess\resource.h(1,1): warning C4828: 파일에 0x36 오프셋에서 시작하는 문자가 포함되어 있습니다. 이 문자는 현재 원본 문자 집합에서 잘못된 문자입니다(코드 페이지 65001).
C:\Users\INGILL\Desktop\Projects\WinAPI-\chess\chess\resource.h(1,1): warning C4828: 파일에 0x37 오프셋에서 시작하는 문자가 포함되어 있습니다. 이 문자는 현재 원본 문자 집합에서 잘못된 문자입니다(코드 페이지 65001).
C:\Users\INGILL\Desktop\Projects\WinAPI-\chess\chess\resource.h(1,1): warning C4828: 파일에 0x3a 오프셋에서 시작하는 문자가 포함되어 있습니다. 이 문자는 현재 원본 문자 집합에서 잘못된 문자입니다(코드 페이지 65001).
C:\Users\INGILL\Desktop\Projects\WinAPI-\chess\chess\resource.h(1,1): warning C4828: 파일에 0x3c 오프셋에서 시작하는 문자가 포함되어 있습니다. 이 문자는 현재 원본 문자 집합에서 잘못된 문자입니다(코드 페이지 65001).
C:\Users\INGILL\Desktop\Projects\WinAPI-\chess\chess\resource.h(1,1): warning C4828: 파일에 0x3f 오프셋에서 시작하는 문자가 포함되어 있습니다. 이 문자는 현재 원본 문자 집합에서 잘못된 문자입니다(코드 페이지 65001).
C:\Users\INGILL\Desktop\Projects\WinAPI-\chess\chess\resource.h(1,1): warning C4828: 파일에 0x41 오프셋에서 시작하는 문자가 포함되어 있습니다. 이 문자는 현재 원본 문자 집합에서 잘못된 문자입니다(코드 페이지 65001).
C:\Users\INGILL\Desktop\Projects\WinAPI-\chess\chess\resource.h(1,1): warning C4828: 파일에 0x42 오프셋에서 시작하는 문자가 포함되어 있습니다. 이 문자는 현재 원본 문자 집합에서 잘못된 문자입니다(코드 페이지 65001).
C:\Users\INGILL\Desktop\Projects\WinAPI-\chess\chess\resource.h(1,1): warning C4828: 파일에 0x48 오프셋에서 시작하는 문자가 포함되어 있습니다. 이 문자는 현재 원본 문자 집합에서 잘못된 문자입니다(코드 페이지 65001).
C:\Users\INGILL\Desktop\Projects\WinAPI-\chess\chess\resource.h(1,1): warning C4828: 파일에 0x57 오프셋에서 시작하는 문자가 포함되어 있습니다. 이 문자는 현재 원본 문자 집합에서 잘못된 문자입니다(코드 페이지 65001).
C:\Users\INGILL\Desktop\Projects\WinAPI-\chess\chess\resource.h(1,1): warning C4828: 파일에 0x58 오프셋에서 시작하는 문자가 포함되어 있습니다. 이 문자는 현재 원본 문자 집합에서 잘못된 문자입니다(코드 페이지 65001).
C:\Users\INGILL\Desktop\Projects\WinAPI-\chess\chess\resource.h(1,1): warning C4828: 파일에 0x59 오프셋에서 시작하는 문자가 포함되어 있습니다. 이 문자는 현재 원본 문자 집합에서 잘못된 문자입니다(코드 페이지 65001).
C:\Users\INGILL\Desktop\Projects\WinAPI-\chess\chess\resource.h(1,1): warning C4828: 파일에 0x5a 오프셋에서 시작하는 문자가 포함되어 있습니다. 이 문자는 현재 원본 문자 집합에서 잘못된 문자입니다(코드 페이지 65001).
C:\Users\INGILL\Desktop\Projects\WinAPI-\chess\chess\resource.h(1,1): warning C4828: 파일에 0x5c 오프셋에서 시작하는 문자가 포함되어 있습니다. 이 문자는 현재 원본 문자 집합에서 잘못된 문자입니다(코드 페이지 65001).
C:\Users\INGILL\Desktop\Projects\WinAPI-\chess\chess\resource.h(1,1): warning C4828: 파일에 0x5d 오프셋에서 시작하는 문자가 포함되어 있습니다. 이 문자는 현재 원본 문자 집합에서 잘못된 문자입니다(코드 페이지 65001).
C:\Users\INGILL\Desktop\Projects\WinAPI-\chess\chess\resource.h(1,1): warning C4828: 파일에 0x60 오프셋에서 시작하는 문자가 포함되어 있습니다. 이 문자는 현재 원본 문자 집합에서 잘못된 문자입니다(코드 페이지 65001).
C:\Users\INGILL\Desktop\Projects\WinAPI-\chess\chess\resource.h(1,1): warning C4828: 파일에 0x63 오프셋에서 시작하는 문자가 포함되어 있습니다. 이 문자는 현재 원본 문자 집합에서 잘못된 문자입니다(코드 페이지 65001).
C:\Users\INGILL\Desktop\Projects\WinAPI-\chess\chess\resource.h(1,1): warning C4828: 파일에 0x68 오프셋에서 시작하는 문자가 포함되어 있습니다. 이 문자는 현재 원본 문자 집합에서 잘못된 문자입니다(코드 페이지 65001).
C:\Users\INGILL\Desktop\Projects\WinAPI-\chess\chess\resource.h(1,1): warning C4828: 파일에 0x69 오프셋에서 시작하는 문자가 포함되어 있습니다. 이 문자는 현재 원본 문자 집합에서 잘못된 문자입니다(코드 페이지 65001).
C:\Users\INGILL\Desktop\Projects\WinAPI-\chess\chess\resource.h(1,1): warning C4828: 파일에 0x6c 오프셋에서 시작하는 문자가 포함되어 있습니다. 이 문자는 현재 원본 문자 집합에서 잘못된 문자입니다(코드 페이지 65001).
C:\Users\INGILL\Desktop\Projects\WinAPI-\chess\chess\OverallVariables.h(1,1): warning C4828: 파일에 0x6d 오프셋에서 시작하는 문자가 포함되어 있습니다. 이 문자는 현재 원본 문자 집합에서 잘못된 문자입니다(코드 페이지 65001).
C:\Users\INGILL\Desktop\Projects\WinAPI-\chess\chess\OverallVariables.h(1,1): warning C4828: 파일에 0x70 오프셋에서 시작하는 문자가 포함되어 있습니다. 이 문자는 현재 원본 문자 집합에서 잘못된 문자입니다(코드 페이지 65001).
C:\Users\INGILL\Desktop\Projects\WinAPI-\chess\chess\OverallVariables.h(1,1): warning C4828: 파일에 0x74 오프셋에서 시작하는 문자가 포함되어 있습니다. 이 문자는 현재 원본 문자 집합에서 잘못된 문자입니다(코드 페이지 65001).
C:\Users\INGILL\Desktop\Projects\WinAPI-\chess\chess\OverallVariables.h(1,1): warning C4828: 파일에 0x75 오프셋에서 시작하는 문자가 포함되어 있습니다. 이 문자는 현재 원본 문자 집합에서 잘못된 문자입니다(코드 페이지 65001).
C:\Users\INGILL\Desktop\Projects\WinAPI-\chess\chess\OverallVariables.h(1,1): warning C4828: 파일에 0x76 오프셋에서 시작하는 문자가 포함되어 있습니다. 이 문자는 현재 원본 문자 집합에서 잘못된 문자입니다(코드 페이지 65001).
C:\Users\INGILL\Desktop\Projects\WinAPI-\chess\chess\OverallVariables.h(1,1): warning C4828: 파일에 0x77 오프셋에서 시작하는 문자가 포함되어 있습니다. 이 문자는 현재 원본 문자 집합에서 잘못된 문자입니다(코드 페이지 65001).
C:\Users\INGILL\Desktop\Projects\WinAPI-\chess\chess\OverallVariables.h(1,1): warning C4828: 파일에 0x78 오프셋에서 시작하는 문자가 포함되어 있습니다. 이 문자는 현재 원본 문자 집합에서 잘못된 문자입니다(코드 페이지 65001).
C:\Users\INGILL\Desktop\Projects\WinAPI-\chess\chess\OverallVariables.h(1,1): warning C4828: 파일에 0x79 오프셋에서 시작하는 문자가 포함되어 있습니다. 이 문자는 현재 원본 문자 집합에서 잘못된 문자입니다(코드 페이지 65001).
C:\Users\INGILL\Desktop\Projects\WinAPI-\chess\chess\OverallVariables.h(1,1): warning C4828: 파일에 0x7a 오프셋에서 시작하는 문자가 포함되어 있습니다. 이 문자는 현재 원본 문자 집합에서 잘못된 문자입니다(코드 페이지 65001).
C:\Users\INGILL\Desktop\Projects\WinAPI-\chess\chess\OverallVariables.h(1,1): warning C4828: 파일에 0x7b 오프셋에서 시작하는 문자가 포함되어 있습니다. 이 문자는 현재 원본 문자 집합에서 잘못된 문자입니다(코드 페이지 65001).
C:\Users\INGILL\Desktop\Projects\WinAPI-\chess\chess\OverallVariables.h(1,1): warning C4828: 파일에 0x7d 오프셋에서 시작하는 문자가 포함되어 있습니다. 이 문자는 현재 원본 문자 집합에서 잘못된 문자입니다(코드 페이지 65001).
C:\Users\INGILL\Desktop\Projects\WinAPI-\chess\chess\OverallVariables.h(1,1): warning C4828: 파일에 0x7e 오프셋에서 시작하는 문자가 포함되어 있습니다. 이 문자는 현재 원본 문자 집합에서 잘못된 문자입니다(코드 페이지 65001).
C:\Users\INGILL\Desktop\Projects\WinAPI-\chess\chess\OverallVariables.h(1,1): warning C4828: 파일에 0x7f 오프셋에서 시작하는 문자가 포함되어 있습니다. 이 문자는 현재 원본 문자 집합에서 잘못된 문자입니다(코드 페이지 65001).
C:\Users\INGILL\Desktop\Projects\WinAPI-\chess\chess\OverallVariables.h(1,1): warning C4828: 파일에 0x80 오프셋에서 시작하는 문자가 포함되어 있습니다. 이 문자는 현재 원본 문자 집합에서 잘못된 문자입니다(코드 페이지 65001).
C:\Users\INGILL\Desktop\Projects\WinAPI-\chess\chess\OverallVariables.h(1,1): warning C4828: 파일에 0x82 오프셋에서 시작하는 문자가 포함되어 있습니다. 이 문자는 현재 원본 문자 집합에서 잘못된 문자입니다(코드 페이지 65001).
C:\Users\INGILL\Desktop\Projects\WinAPI-\chess\chess\OverallVariables.h(1,1): warning C4828: 파일에 0x83 오프셋에서 시작하는 문자가 포함되어 있습니다. 이 문자는 현재 원본 문자 집합에서 잘못된 문자입니다(코드 페이지 65001).
C:\Users\INGILL\Desktop\Projects\WinAPI-\chess\chess\OverallVariables.h(1,1): warning C4828: 파일에 0x84 오프셋에서 시작하는 문자가 포함되어 있습니다. 이 문자는 현재 원본 문자 집합에서 잘못된 문자입니다(코드 페이지 65001).
C:\Users\INGILL\Desktop\Projects\WinAPI-\chess\chess\OverallVariables.h(1,1): warning C4828: 파일에 0x85 오프셋에서 시작하는 문자가 포함되어 있습니다. 이 문자는 현재 원본 문자 집합에서 잘못된 문자입니다(코드 페이지 65001).
C:\Users\INGILL\Desktop\Projects\WinAPI-\chess\chess\OverallVariables.h(1,1): warning C4828: 파일에 0x8b 오프셋에서 시작하는 문자가 포함되어 있습니다. 이 문자는 현재 원본 문자 집합에서 잘못된 문자입니다(코드 페이지 65001).
C:\Users\INGILL\Desktop\Projects\WinAPI-\chess\chess\OverallVariables.h(1,1): warning C4828: 파일에 0x8d 오프셋에서 시작하는 문자가 포함되어 있습니다. 이 문자는 현재 원본 문자 집합에서 잘못된 문자입니다(코드 페이지 65001).
C:\Users\INGILL\Desktop\Projects\WinAPI-\chess\chess\OverallVariables.h(1,1): warning C4828: 파일에 0x8e 오프셋에서 시작하는 문자가 포함되어 있습니다. 이 문자는 현재 원본 문자 집합에서 잘못된 문자입니다(코드 페이지 65001).
C:\Users\INGILL\Desktop\Projects\WinAPI-\chess\chess\OverallVariables.h(1,1): warning C4828: 파일에 0x92 오프셋에서 시작하는 문자가 포함되어 있습니다. 이 문자는 현재 원본 문자 집합에서 잘못된 문자입니다(코드 페이지 65001).
C:\Users\INGILL\Desktop\Projects\WinAPI-\chess\chess\OverallVariables.h(1,1): warning C4828: 파일에 0x9e 오프셋에서 시작하는 문자가 포함되어 있습니다. 이 문자는 현재 원본 문자 집합에서 잘못된 문자입니다(코드 페이지 65001).
C:\Users\INGILL\Desktop\Projects\WinAPI-\chess\chess\OverallVariables.h(1,1): warning C4828: 파일에 0xa1 오프셋에서 시작하는 문자가 포함되어 있습니다. 이 문자는 현재 원본 문자 집합에서 잘못된 문자입니다(코드 페이지 65001).
C:\Users\INGILL\Desktop\Projects\WinAPI-\chess\chess\OverallVariables.h(1,1): warning C4828: 파일에 0xa3 오프셋에서 시작하는 문자가 포함되어 있습니다. 이 문자는 현재 원본 문자 집합에서 잘못된 문자입니다(코드 페이지 65001).
C:\Users\INGILL\Desktop\Projects\WinAPI-\chess\chess\OverallVariables.h(1,1): warning C4828: 파일에 0xa4 오프셋에서 시작하는 문자가 포함되어 있습니다. 이 문자는 현재 원본 문자 집합에서 잘못된 문자입니다(코드 페이지 65001).
C:\Users\INGILL\Desktop\Projects\WinAPI-\chess\chess\OverallVariables.h(1,1): warning C4828: 파일에 0xa5 오프셋에서 시작하는 문자가 포함되어 있습니다. 이 문자는 현재 원본 문자 집합에서 잘못된 문자입니다(코드 페이지 65001).
C:\Users\INGILL\Desktop\Projects\WinAPI-\chess\chess\OverallVariables.h(1,1): warning C4828: 파일에 0xa6 오프셋에서 시작하는 문자가 포함되어 있습니다. 이 문자는 현재 원본 문자 집합에서 잘못된 문자입니다(코드 페이지 65001).
C:\Users\INGILL\Desktop\Projects\WinAPI-\chess\chess\OverallVariables.h(1,1): warning C4828: 파일에 0xa8 오프셋에서 시작하는 문자가 포함되어 있습니다. 이 문자는 현재 원본 문자 집합에서 잘못된 문자입니다(코드 페이지 65001).
C:\Users\INGILL\Desktop\Projects\WinAPI-\chess\chess\OverallVariables.h(1,1): warning C4828: 파일에 0xa9 오프셋에서 시작하는 문자가 포함되어 있습니다. 이 문자는 현재 원본 문자 집합에서 잘못된 문자입니다(코드 페이지 65001).
C:\Users\INGILL\Desktop\Projects\WinAPI-\chess\chess\OverallVariables.h(1,1): warning C4828: 파일에 0xaa 오프셋에서 시작하는 문자가 포함되어 있습니다. 이 문자는 현재 원본 문자 집합에서 잘못된 문자입니다(코드 페이지 65001).
C:\Users\INGILL\Desktop\Projects\WinAPI-\chess\chess\OverallVariables.h(1,1): warning C4828: 파일에 0xab 오프셋에서 시작하는 문자가 포함되어 있습니다. 이 문자는 현재 원본 문자 집합에서 잘못된 문자입니다(코드 페이지 65001).
C:\Users\INGILL\Desktop\Projects\WinAPI-\chess\chess\OverallVariables.h(1,1): warning C4828: 파일에 0xb1 오프셋에서 시작하는 문자가 포함되어 있습니다. 이 문자는 현재 원본 문자 집합에서 잘못된 문자입니다(코드 페이지 65001).
C:\Users\INGILL\Desktop\Projects\WinAPI-\chess\chess\OverallVariables.h(1,1): warning C4828: 파일에 0xb3 오프셋에서 시작하는 문자가 포함되어 있습니다. 이 문자는 현재 원본 문자 집합에서 잘못된 문자입니다(코드 페이지 65001).
C:\Users\INGILL\Desktop\Projects\WinAPI-\chess\chess\OverallVariables.h(1,1): warning C4828: 파일에 0xb5 오프셋에서 시작하는 문자가 포함되어 있습니다. 이 문자는 현재 원본 문자 집합에서 잘못된 문자입니다(코드 페이지 65001).
C:\Users\INGILL\Desktop\Projects\WinAPI-\chess\chess\OverallVariables.h(1,1): warning C4828: 파일에 0xb6 오프셋에서 시작하는 문자가 포함되어 있습니다. 이 문자는 현재 원본 문자 집합에서 잘못된 문자입니다(코드 페이지 65001).
C:\Users\INGILL\Desktop\Projects\WinAPI-\chess\chess\OverallVariables.h(1,1): warning C4828: 파일에 0xba 오프셋에서 시작하는 문자가 포함되어 있습니다. 이 문자는 현재 원본 문자 집합에서 잘못된 문자입니다(코드 페이지 65001).
C:\Users\INGILL\Desktop\Projects\WinAPI-\chess\chess\OverallVariables.h(1,1): warning C4828: 파일에 0x18c 오프셋에서 시작하는 문자가 포함되어 있습니다. 이 문자는 현재 원본 문자 집합에서 잘못된 문자입니다(코드 페이지 65001).
C:\Users\INGILL\Desktop\Projects\WinAPI-\chess\chess\OverallVariables.h(1,1): warning C4828: 파일에 0x18d 오프셋에서 시작하는 문자가 포함되어 있습니다. 이 문자는 현재 원본 문자 집합에서 잘못된 문자입니다(코드 페이지 65001).
C:\Users\INGILL\Desktop\Projects\WinAPI-\chess\chess\OverallVariables.h(1,1): warning C4828: 파일에 0x18e 오프셋에서 시작하는 문자가 포함되어 있습니다. 이 문자는 현재 원본 문자 집합에서 잘못된 문자입니다(코드 페이지 65001).
C:\Users\INGILL\Desktop\Projects\WinAPI-\chess\chess\OverallVariables.h(1,1): warning C4828: 파일에 0x18f 오프셋에서 시작하는 문자가 포함되어 있습니다. 이 문자는 현재 원본 문자 집합에서 잘못된 문자입니다(코드 페이지 65001).
C:\Users\INGILL\Desktop\Projects\WinAPI-\chess\chess\OverallVariables.h(1,1): warning C4828: 파일에 0x190 오프셋에서 시작하는 문자가 포함되어 있습니다. 이 문자는 현재 원본 문자 집합에서 잘못된 문자입니다(코드 페이지 65001).
C:\Users\INGILL\Desktop\Projects\WinAPI-\chess\chess\OverallVariables.h(1,1): warning C4828: 파일에 0x191 오프셋에서 시작하는 문자가 포함되어 있습니다. 이 문자는 현재 원본 문자 집합에서 잘못된 문자입니다(코드 페이지 65001).
C:\Users\INGILL\Desktop\Projects\WinAPI-\chess\chess\OverallVariables.h(1,1): warning C4828: 파일에 0x194 오프셋에서 시작하는 문자가 포함되어 있습니다. 이 문자는 현재 원본 문자 집합에서 잘못된 문자입니다(코드 페이지 65001).
C:\Users\INGILL\Desktop\Projects\WinAPI-\chess\chess\OverallVariables.h(1,1): warning C4828: 파일에 0x196 오프셋에서 시작하는 문자가 포함되어 있습니다. 이 문자는 현재 원본 문자 집합에서 잘못된 문자입니다(코드 페이지 65001).
C:\Users\INGILL\Desktop\Projects\WinAPI-\chess\chess\OverallVariables.h(1,1): warning C4828: 파일에 0x197 오프셋에서 시작하는 문자가 포함되어 있습니다. 이 문자는 현재 원본 문자 집합에서 잘못된 문자입니다(코드 페이지 65001).
C:\Users\INGILL\Desktop\Projects\WinAPI-\chess\chess\OverallVariables.h(1,1): warning C4828: 파일에 0x199 오프셋에서 시작하는 문자가 포함되어 있습니다. 이 문자는 현재 원본 문자 집합에서 잘못된 문자입니다(코드 페이지 65001).
C:\Users\INGILL\Desktop\Projects\WinAPI-\chess\chess\OverallVariables.h(1,1): warning C4828: 파일에 0x19a 오프셋에서 시작하는 문자가 포함되어 있습니다. 이 문자는 현재 원본 문자 집합에서 잘못된 문자입니다(코드 페이지 65001).
C:\Users\INGILL\Desktop\Projects\WinAPI-\chess\chess\OverallVariables.h(1,1): warning C4828: 파일에 0x19c 오프셋에서 시작하는 문자가 포함되어 있습니다. 이 문자는 현재 원본 문자 집합에서 잘못된 문자입니다(코드 페이지 65001).
C:\Users\INGILL\Desktop\Projects\WinAPI-\chess\chess\OverallVariables.h(1,1): warning C4828: 파일에 0x19d 오프셋에서 시작하는 문자가 포함되어 있습니다. 이 문자는 현재 원본 문자 집합에서 잘못된 문자입니다(코드 페이지 65001).
C:\Users\INGILL\Desktop\Projects\WinAPI-\chess\chess\OverallVariables.h(1,1): warning C4828: 파일에 0x19e 오프셋에서 시작하는 문자가 포함되어 있습니다. 이 문자는 현재 원본 문자 집합에서 잘못된 문자입니다(코드 페이지 65001).
C:\Users\INGILL\Desktop\Projects\WinAPI-\chess\chess\OverallVariables.h(1,1): warning C4828: 파일에 0x1a0 오프셋에서 시작하는 문자가 포함되어 있습니다. 이 문자는 현재 원본 문자 집합에서 잘못된 문자입니다(코드 페이지 65001).
C:\Users\INGILL\Desktop\Projects\WinAPI-\chess\chess\OverallVariables.h(1,1): warning C4828: 파일에 0x1a1 오프셋에서 시작하는 문자가 포함되어 있습니다. 이 문자는 현재 원본 문자 집합에서 잘못된 문자입니다(코드 페이지 65001).
C:\Users\INGILL\Desktop\Projects\WinAPI-\chess\chess\OverallVariables.h(1,1): warning C4828: 파일에 0x1d5 오프셋에서 시작하는 문자가 포함되어 있습니다. 이 문자는 현재 원본 문자 집합에서 잘못된 문자입니다(코드 페이지 65001).
C:\Users\INGILL\Desktop\Projects\WinAPI-\chess\chess\OverallVariables.h(1,1): warning C4828: 파일에 0x1d6 오프셋에서 시작하는 문자가 포함되어 있습니다. 이 문자는 현재 원본 문자 집합에서 잘못된 문자입니다(코드 페이지 65001).
C:\Users\INGILL\Desktop\Projects\WinAPI-\chess\chess\OverallVariables.h(1,1): warning C4828: 파일에 0x1da 오프셋에서 시작하는 문자가 포함되어 있습니다. 이 문자는 현재 원본 문자 집합에서 잘못된 문자입니다(코드 페이지 65001).
C:\Users\INGILL\Desktop\Projects\WinAPI-\chess\chess\OverallVariables.h(1,1): warning C4828: 파일에 0x1de 오프셋에서 시작하는 문자가 포함되어 있습니다. 이 문자는 현재 원본 문자 집합에서 잘못된 문자입니다(코드 페이지 65001).
C:\Users\INGILL\Desktop\Projects\WinAPI-\chess\chess\OverallVariables.h(1,1): warning C4828: 파일에 0x1e0 오프셋에서 시작하는 문자가 포함되어 있습니다. 이 문자는 현재 원본 문자 집합에서 잘못된 문자입니다(코드 페이지 65001).
C:\Users\INGILL\Desktop\Projects\WinAPI-\chess\chess\OverallVariables.h(1,1): warning C4828: 파일에 0x1e1 오프셋에서 시작하는 문자가 포함되어 있습니다. 이 문자는 현재 원본 문자 집합에서 잘못된 문자입니다(코드 페이지 65001).
C:\Users\INGILL\Desktop\Projects\WinAPI-\chess\chess\OverallVariables.h(1,1): warning C4828: 파일에 0x1e2 오프셋에서 시작하는 문자가 포함되어 있습니다. 이 문자는 현재 원본 문자 집합에서 잘못된 문자입니다(코드 페이지 65001).
C:\Users\INGILL\Desktop\Projects\WinAPI-\chess\chess\OverallVariables.h(1,1): warning C4828: 파일에 0x1e4 오프셋에서 시작하는 문자가 포함되어 있습니다. 이 문자는 현재 원본 문자 집합에서 잘못된 문자입니다(코드 페이지 65001).
C:\Users\INGILL\Desktop\Projects\WinAPI-\chess\chess\OverallVariables.h(1,1): warning C4828: 파일에 0x1e6 오프셋에서 시작하는 문자가 포함되어 있습니다. 이 문자는 현재 원본 문자 집합에서 잘못된 문자입니다(코드 페이지 65001).
C:\Users\INGILL\Desktop\Projects\WinAPI-\chess\chess\OverallVariables.h(1,1): warning C4828: 파일에 0x1e7 오프셋에서 시작하는 문자가 포함되어 있습니다. 이 문자는 현재 원본 문자 집합에서 잘못된 문자입니다(코드 페이지 65001).
C:\Users\INGILL\Desktop\Projects\WinAPI-\chess\chess\OverallVariables.h(1,1): warning C4828: 파일에 0x1ea 오프셋에서 시작하는 문자가 포함되어 있습니다. 이 문자는 현재 원본 문자 집합에서 잘못된 문자입니다(코드 페이지 65001).
C:\Users\INGILL\Desktop\Projects\WinAPI-\chess\chess\OverallVariables.h(1,1): warning C4828: 파일에 0x1eb 오프셋에서 시작하는 문자가 포함되어 있습니다. 이 문자는 현재 원본 문자 집합에서 잘못된 문자입니다(코드 페이지 65001).
C:\Users\INGILL\Desktop\Projects\WinAPI-\chess\chess\OverallVariables.h(1,1): warning C4828: 파일에 0x1f9 오프셋에서 시작하는 문자가 포함되어 있습니다. 이 문자는 현재 원본 문자 집합에서 잘못된 문자입니다(코드 페이지 65001).
C:\Users\INGILL\Desktop\Projects\WinAPI-\chess\chess\OverallVariables.h(1,1): warning C4828: 파일에 0x1fa 오프셋에서 시작하는 문자가 포함되어 있습니다. 이 문자는 현재 원본 문자 집합에서 잘못된 문자입니다(코드 페이지 65001).
C:\Users\INGILL\Desktop\Projects\WinAPI-\chess\chess\OverallVariables.h(1,1): warning C4828: 파일에 0x1fc 오프셋에서 시작하는 문자가 포함되어 있습니다. 이 문자는 현재 원본 문자 집합에서 잘못된 문자입니다(코드 페이지 65001).
C:\Users\INGILL\Desktop\Projects\WinAPI-\chess\chess\OverallVariables.h(1,1): warning C4828: 파일에 0x1fd 오프셋에서 시작하는 문자가 포함되어 있습니다. 이 문자는 현재 원본 문자 집합에서 잘못된 문자입니다(코드 페이지 65001).
C:\Users\INGILL\Desktop\Projects\WinAPI-\chess\chess\OverallVariables.h(1,1): warning C4828: 파일에 0x1fe 오프셋에서 시작하는 문자가 포함되어 있습니다. 이 문자는 현재 원본 문자 집합에서 잘못된 문자입니다(코드 페이지 65001).
C:\Users\INGILL\Desktop\Projects\WinAPI-\chess\chess\OverallVariables.h(1,1): warning C4828: 파일에 0x1ff 오프셋에서 시작하는 문자가 포함되어 있습니다. 이 문자는 현재 원본 문자 집합에서 잘못된 문자입니다(코드 페이지 65001).
C:\Users\INGILL\Desktop\Projects\WinAPI-\chess\chess\OverallVariables.h(1,1): warning C4828: 파일에 0x202 오프셋에서 시작하는 문자가 포함되어 있습니다. 이 문자는 현재 원본 문자 집합에서 잘못된 문자입니다(코드 페이지 65001).
C:\Users\INGILL\Desktop\Projects\WinAPI-\chess\chess\OverallVariables.h(1,1): warning C4828: 파일에 0x203 오프셋에서 시작하는 문자가 포함되어 있습니다. 이 문자는 현재 원본 문자 집합에서 잘못된 문자입니다(코드 페이지 65001).
C:\Users\INGILL\Desktop\Projects\WinAPI-\chess\chess\OverallVariables.h(1,1): warning C4828: 파일에 0x204 오프셋에서 시작하는 문자가 포함되어 있습니다. 이 문자는 현재 원본 문자 집합에서 잘못된 문자입니다(코드 페이지 65001).
C:\Users\INGILL\Desktop\Projects\WinAPI-\chess\chess\OverallVariables.h(1,1): warning C4828: 파일에 0x25e 오프셋에서 시작하는 문자가 포함되어 있습니다. 이 문자는 현재 원본 문자 집합에서 잘못된 문자입니다(코드 페이지 65001).
C:\Users\INGILL\Desktop\Projects\WinAPI-\chess\chess\OverallVariables.h(1,1): warning C4828: 파일에 0x25f 오프셋에서 시작하는 문자가 포함되어 있습니다. 이 문자는 현재 원본 문자 집합에서 잘못된 문자입니다(코드 페이지 65001).
C:\Users\INGILL\Desktop\Projects\WinAPI-\chess\chess\OverallVariables.h(1,1): warning C4828: 파일에 0x263 오프셋에서 시작하는 문자가 포함되어 있습니다. 이 문자는 현재 원본 문자 집합에서 잘못된 문자입니다(코드 페이지 65001).
C:\Users\INGILL\Desktop\Projects\WinAPI-\chess\chess\OverallVariables.h(1,1): warning C4828: 파일에 0x267 오프셋에서 시작하는 문자가 포함되어 있습니다. 이 문자는 현재 원본 문자 집합에서 잘못된 문자입니다(코드 페이지 65001).
C:\Users\INGILL\Desktop\Projects\WinAPI-\chess\chess\OverallVariables.h(1,1): warning C4828: 파일에 0x269 오프셋에서 시작하는 문자가 포함되어 있습니다. 이 문자는 현재 원본 문자 집합에서 잘못된 문자입니다(코드 페이지 65001).
C:\Users\INGILL\Desktop\Projects\WinAPI-\chess\chess\OverallVariables.h(1,1): warning C4828: 파일에 0x26a 오프셋에서 시작하는 문자가 포함되어 있습니다. 이 문자는 현재 원본 문자 집합에서 잘못된 문자입니다(코드 페이지 65001).
C:\Users\INGILL\Desktop\Projects\WinAPI-\chess\chess\OverallVariables.h(1,1): warning C4828: 파일에 0x26b 오프셋에서 시작하는 문자가 포함되어 있습니다. 이 문자는 현재 원본 문자 집합에서 잘못된 문자입니다(코드 페이지 65001).
C:\Users\INGILL\Desktop\Projects\WinAPI-\chess\chess\OverallVariables.h(1,1): warning C4828: 파일에 0x26d 오프셋에서 시작하는 문자가 포함되어 있습니다. 이 문자는 현재 원본 문자 집합에서 잘못된 문자입니다(코드 페이지 65001).
C:\Users\INGILL\Desktop\Projects\WinAPI-\chess\chess\OverallVariables.h(1,1): warning C4828: 파일에 0x26f 오프셋에서 시작하는 문자가 포함되어 있습니다. 이 문자는 현재 원본 문자 집합에서 잘못된 문자입니다(코드 페이지 65001).
C:\Users\INGILL\Desktop\Projects\WinAPI-\chess\chess\OverallVariables.h(1,1): warning C4828: 파일에 0x270 오프셋에서 시작하는 문자가 포함되어 있습니다. 이 문자는 현재 원본 문자 집합에서 잘못된 문자입니다(코드 페이지 65001).
C:\Users\INGILL\Desktop\Projects\WinAPI-\chess\chess\OverallVariables.h(1,1): warning C4828: 파일에 0x273 오프셋에서 시작하는 문자가 포함되어 있습니다. 이 문자는 현재 원본 문자 집합에서 잘못된 문자입니다(코드 페이지 65001).
C:\Users\INGILL\Desktop\Projects\WinAPI-\chess\chess\OverallVariables.h(1,1): warning C4828: 파일에 0x274 오프셋에서 시작하는 문자가 포함되어 있습니다. 이 문자는 현재 원본 문자 집합에서 잘못된 문자입니다(코드 페이지 65001).
C:\Users\INGILL\Desktop\Projects\WinAPI-\chess\chess\OverallVariables.h(1,1): warning C4828: 파일에 0x277 오프셋에서 시작하는 문자가 포함되어 있습니다. 이 문자는 현재 원본 문자 집합에서 잘못된 문자입니다(코드 페이지 65001).
C:\Users\INGILL\Desktop\Projects\WinAPI-\chess\chess\OverallVariables.h(1,1): warning C4828: 파일에 0x278 오프셋에서 시작하는 문자가 포함되어 있습니다. 이 문자는 현재 원본 문자 집합에서 잘못된 문자입니다(코드 페이지 65001).
C:\Users\INGILL\Desktop\Projects\WinAPI-\chess\chess\OverallVariables.h(1,1): warning C4828: 파일에 0x333 오프셋에서 시작하는 문자가 포함되어 있습니다. 이 문자는 현재 원본 문자 집합에서 잘못된 문자입니다(코드 페이지 65001).
C:\Users\INGILL\Desktop\Projects\WinAPI-\chess\chess\OverallVariables.h(1,1): warning C4828: 파일에 0x336 오프셋에서 시작하는 문자가 포함되어 있습니다. 이 문자는 현재 원본 문자 집합에서 잘못된 문자입니다(코드 페이지 65001).
C:\Users\INGILL\Desktop\Projects\WinAPI-\chess\chess\OverallVariables.h(1,1): warning C4828: 파일에 0x338 오프셋에서 시작하는 문자가 포함되어 있습니다. 이 문자는 현재 원본 문자 집합에서 잘못된 문자입니다(코드 페이지 65001).
C:\Users\INGILL\Desktop\Projects\WinAPI-\chess\chess\OverallVariables.h(1,1): warning C4828: 파일에 0x339 오프셋에서 시작하는 문자가 포함되어 있습니다. 이 문자는 현재 원본 문자 집합에서 잘못된 문자입니다(코드 페이지 65001).
C:\Users\INGILL\Desktop\Projects\WinAPI-\chess\chess\OverallVariables.h(1,1): warning C4828: 파일에 0x33a 오프셋에서 시작하는 문자가 포함되어 있습니다. 이 문자는 현재 원본 문자 집합에서 잘못된 문자입니다(코드 페이지 65001).
C:\Users\INGILL\Desktop\Projects\WinAPI-\chess\chess\OverallVariables.h(1,1): warning C4828: 파일에 0x33b 오프셋에서 시작하는 문자가 포함되어 있습니다. 이 문자는 현재 원본 문자 집합에서 잘못된 문자입니다(코드 페이지 65001).
C:\Users\INGILL\Desktop\Projects\WinAPI-\chess\chess\OverallVariables.h(1,1): warning C4828: 파일에 0x33d 오프셋에서 시작하는 문자가 포함되어 있습니다. 이 문자는 현재 원본 문자 집합에서 잘못된 문자입니다(코드 페이지 65001).
C:\Users\INGILL\Desktop\Projects\WinAPI-\chess\chess\OverallVariables.h(1,1): warning C4828: 파일에 0x33e 오프셋에서 시작하는 문자가 포함되어 있습니다. 이 문자는 현재 원본 문자 집합에서 잘못된 문자입니다(코드 페이지 65001).
C:\Users\INGILL\Desktop\Projects\WinAPI-\chess\chess\OverallVariables.h(1,1): warning C4828: 파일에 0x33f 오프셋에서 시작하는 문자가 포함되어 있습니다. 이 문자는 현재 원본 문자 집합에서 잘못된 문자입니다(코드 페이지 65001).
C:\Users\INGILL\Desktop\Projects\WinAPI-\chess\chess\OverallVariables.h(1,1): warning C4828: 파일에 0x340 오프셋에서 시작하는 문자가 포함되어 있습니다. 이 문자는 현재 원본 문자 집합에서 잘못된 문자입니다(코드 페이지 65001).
C:\Users\INGILL\Desktop\Projects\WinAPI-\chess\chess\OverallVariables.h(1,1): warning C4828: 파일에 0x346 오프셋에서 시작하는 문자가 포함되어 있습니다. 이 문자는 현재 원본 문자 집합에서 잘못된 문자입니다(코드 페이지 65001).
C:\Users\INGILL\Desktop\Projects\WinAPI-\chess\chess\OverallVariables.h(1,1): warning C4828: 파일에 0x348 오프셋에서 시작하는 문자가 포함되어 있습니다. 이 문자는 현재 원본 문자 집합에서 잘못된 문자입니다(코드 페이지 65001).
C:\Users\INGILL\Desktop\Projects\WinAPI-\chess\chess\OverallVariables.h(1,1): warning C4828: 파일에 0x34a 오프셋에서 시작하는 문자가 포함되어 있습니다. 이 문자는 현재 원본 문자 집합에서 잘못된 문자입니다(코드 페이지 65001).
C:\Users\INGILL\Desktop\Projects\WinAPI-\chess\chess\OverallVariables.h(1,1): warning C4828: 파일에 0x34b 오프셋에서 시작하는 문자가 포함되어 있습니다. 이 문자는 현재 원본 문자 집합에서 잘못된 문자입니다(코드 페이지 65001).
C:\Users\INGILL\Desktop\Projects\WinAPI-\chess\chess\OverallVariables.h(1,1): warning C4828: 파일에 0x34f 오프셋에서 시작하는 문자가 포함되어 있습니다. 이 문자는 현재 원본 문자 집합에서 잘못된 문자입니다(코드 페이지 65001).
  chess.vcxproj -> C:\Users\INGILL\Desktop\Projects\WinAPI-\chess\x64\Debug\chess.exe
